This is pdfTeX, Version 3.141592653-2.6-1.40.26 (TeX Live 2024) (preloaded format=pdflatex 2024.9.8)  3 FEB 2025 14:32
entering extended mode
 \write18 enabled.
 %&-line parsing enabled.
**music.tex
(./music.tex
LaTeX2e <2023-11-01> patch level 1
L3 programming layer <2024-02-20>
(/usr/local/texlive/2024/texmf-dist/tex/latex/tufte-latex/tufte-book.cls
Document Class: tufte-book 2015/06/21 v3.5.2 Tufte-book class
(/usr/local/texlive/2024/texmf-dist/tex/latex/tufte-latex/tufte-common.def
File: tufte-common.def 2015/06/21 v3.5.2 Common code for the Tufte-LaTeX styles


(/usr/local/texlive/2024/texmf-dist/tex/latex/xkeyval/xkeyval.sty
Package: xkeyval 2022/06/16 v2.9 package option processing (HA)

(/usr/local/texlive/2024/texmf-dist/tex/generic/xkeyval/xkeyval.tex
(/usr/local/texlive/2024/texmf-dist/tex/generic/xkeyval/xkvutils.tex
\XKV@toks=\toks17
\XKV@tempa@toks=\toks18

(/usr/local/texlive/2024/texmf-dist/tex/generic/xkeyval/keyval.tex))
\XKV@depth=\count188
File: xkeyval.tex 2014/12/03 v2.7a key=value parser (HA)
))
(/usr/local/texlive/2024/texmf-dist/tex/latex/xifthen/xifthen.sty
Package: xifthen 2015/11/05 v1.4.0 Extended ifthen features

(/usr/local/texlive/2024/texmf-dist/tex/latex/tools/calc.sty
Package: calc 2023/07/08 v4.3 Infix arithmetic (KKT,FJ)
\calc@Acount=\count189
\calc@Bcount=\count190
\calc@Adimen=\dimen140
\calc@Bdimen=\dimen141
\calc@Askip=\skip48
\calc@Bskip=\skip49
LaTeX Info: Redefining \setlength on input line 80.
LaTeX Info: Redefining \addtolength on input line 81.
\calc@Ccount=\count191
\calc@Cskip=\skip50
)
(/usr/local/texlive/2024/texmf-dist/tex/latex/base/ifthen.sty
Package: ifthen 2022/04/13 v1.1d Standard LaTeX ifthen package (DPC)
)
(/usr/local/texlive/2024/texmf-dist/tex/latex/ifmtarg/ifmtarg.sty
Package: ifmtarg 2018/04/16 v1.2b check for an empty argument
))
(/usr/local/texlive/2024/texmf-dist/tex/latex/hardwrap/hardwrap.sty
Package: hardwrap 2011/02/12 v0.2 Hard wrap messages

(/usr/local/texlive/2024/texmf-dist/tex/latex/ifplatform/ifplatform.sty
Package: ifplatform 2017/10/13 v0.4a Testing for the operating system

(/usr/local/texlive/2024/texmf-dist/tex/latex/tools/shellesc.sty
Package: shellesc 2023/07/08 v1.0d unified shell escape interface for LaTeX
Package shellesc Info: Unrestricted shell escape enabled on input line 75.
)
(/usr/local/texlive/2024/texmf-dist/tex/generic/pdftexcmds/pdftexcmds.sty
Package: pdftexcmds 2020-06-27 v0.33 Utility functions of pdfTeX for LuaTeX (HO
)

(/usr/local/texlive/2024/texmf-dist/tex/generic/infwarerr/infwarerr.sty
Package: infwarerr 2019/12/03 v1.5 Providing info/warning/error messages (HO)
)
(/usr/local/texlive/2024/texmf-dist/tex/generic/iftex/iftex.sty
Package: iftex 2022/02/03 v1.0f TeX engine tests
)
(/usr/local/texlive/2024/texmf-dist/tex/generic/ltxcmds/ltxcmds.sty
Package: ltxcmds 2023-12-04 v1.26 LaTeX kernel commands for general use (HO)
)
Package pdftexcmds Info: \pdf@primitive is available.
Package pdftexcmds Info: \pdf@ifprimitive is available.
Package pdftexcmds Info: \pdfdraftmode found.
)
(/usr/local/texlive/2024/texmf-dist/tex/generic/catchfile/catchfile.sty
Package: catchfile 2019/12/09 v1.8 Catch the contents of a file (HO)

(/usr/local/texlive/2024/texmf-dist/tex/generic/etexcmds/etexcmds.sty
Package: etexcmds 2019/12/15 v1.7 Avoid name clashes with e-TeX commands (HO)
))
(/usr/local/texlive/2024/texmf-dist/tex/generic/iftex/ifluatex.sty
Package: ifluatex 2019/10/25 v1.5 ifluatex legacy package. Use iftex instead.
)
runsystem(uname -s > "music.w18")...executed.


(./music.w18)
runsystem(rm -- "music.w18")...executed.

)
(/usr/local/texlive/2024/texmf-dist/tex/generic/iftex/ifxetex.sty
Package: ifxetex 2019/10/25 v0.7 ifxetex legacy package. Use iftex instead.
)
\hw@charcount=\count192
\hw@wordcount=\count193
\hw@maxprintline=\count194

(|kpsewhich -var-value=max_print_line))
Class tufte-book Info: Loading the base class `book'

(/usr/local/texlive/2024/texmf-dist/tex/latex/base/book.cls
Document Class: book 2023/05/17 v1.4n Standard LaTeX document class
(/usr/local/texlive/2024/texmf-dist/tex/latex/base/bk10.clo
File: bk10.clo 2023/05/17 v1.4n Standard LaTeX file (size option)
)
\c@part=\count195
\c@chapter=\count196
\c@section=\count197
\c@subsection=\count198
\c@subsubsection=\count199
\c@paragraph=\count266
\c@subparagraph=\count267
\c@figure=\count268
\c@table=\count269
\abovecaptionskip=\skip51
\belowcaptionskip=\skip52
\bibindent=\dimen142
)
(/usr/local/texlive/2024/texmf-dist/tex/generic/iftex/ifpdf.sty
Package: ifpdf 2019/10/25 v3.4 ifpdf legacy package. Use iftex instead.
)
(/usr/local/texlive/2024/texmf-dist/tex/latex/titlesec/titlesec.sty
Package: titlesec 2023/10/27 v2.16 Sectioning titles
\ttl@box=\box51
\beforetitleunit=\skip53
\aftertitleunit=\skip54
\ttl@plus=\dimen143
\ttl@minus=\dimen144
\ttl@toksa=\toks19
\titlewidth=\dimen145
\titlewidthlast=\dimen146
\titlewidthfirst=\dimen147
)
(/usr/local/texlive/2024/texmf-dist/tex/latex/titlesec/titletoc.sty
Package: titletoc 2023/10/27 v2.16 TOC entries
\ttl@leftsep=\dimen148
)
(/usr/local/texlive/2024/texmf-dist/tex/latex/hyperref/hyperref.sty
Package: hyperref 2024-01-20 v7.01h Hypertext links for LaTeX

(/usr/local/texlive/2024/texmf-dist/tex/latex/kvsetkeys/kvsetkeys.sty
Package: kvsetkeys 2022-10-05 v1.19 Key value parser (HO)
)
(/usr/local/texlive/2024/texmf-dist/tex/generic/kvdefinekeys/kvdefinekeys.sty
Package: kvdefinekeys 2019-12-19 v1.6 Define keys (HO)
)
(/usr/local/texlive/2024/texmf-dist/tex/generic/pdfescape/pdfescape.sty
Package: pdfescape 2019/12/09 v1.15 Implements pdfTeX's escape features (HO)
)
(/usr/local/texlive/2024/texmf-dist/tex/latex/hycolor/hycolor.sty
Package: hycolor 2020-01-27 v1.10 Color options for hyperref/bookmark (HO)
)
(/usr/local/texlive/2024/texmf-dist/tex/latex/auxhook/auxhook.sty
Package: auxhook 2019-12-17 v1.6 Hooks for auxiliary files (HO)
)
(/usr/local/texlive/2024/texmf-dist/tex/latex/hyperref/nameref.sty
Package: nameref 2023-11-26 v2.56 Cross-referencing by name of section

(/usr/local/texlive/2024/texmf-dist/tex/latex/refcount/refcount.sty
Package: refcount 2019/12/15 v3.6 Data extraction from label references (HO)
)
(/usr/local/texlive/2024/texmf-dist/tex/generic/gettitlestring/gettitlestring.s
ty
Package: gettitlestring 2019/12/15 v1.6 Cleanup title references (HO)
 (/usr/local/texlive/2024/texmf-dist/tex/latex/kvoptions/kvoptions.sty
Package: kvoptions 2022-06-15 v3.15 Key value format for package options (HO)
))
\c@section@level=\count270
)
(/usr/local/texlive/2024/texmf-dist/tex/latex/etoolbox/etoolbox.sty
Package: etoolbox 2020/10/05 v2.5k e-TeX tools for LaTeX (JAW)
\etb@tempcnta=\count271
)
\@linkdim=\dimen149
\Hy@linkcounter=\count272
\Hy@pagecounter=\count273

(/usr/local/texlive/2024/texmf-dist/tex/latex/hyperref/pd1enc.def
File: pd1enc.def 2024-01-20 v7.01h Hyperref: PDFDocEncoding definition (HO)
Now handling font encoding PD1 ...
... no UTF-8 mapping file for font encoding PD1
)
(/usr/local/texlive/2024/texmf-dist/tex/generic/intcalc/intcalc.sty
Package: intcalc 2019/12/15 v1.3 Expandable calculations with integers (HO)
)
\Hy@SavedSpaceFactor=\count274

(/usr/local/texlive/2024/texmf-dist/tex/latex/hyperref/puenc.def
File: puenc.def 2024-01-20 v7.01h Hyperref: PDF Unicode definition (HO)
Now handling font encoding PU ...
... no UTF-8 mapping file for font encoding PU
)
Package hyperref Info: Option `unicode' set `true' on input line 4062.
Package hyperref Info: Option `hyperfootnotes' set `false' on input line 4062.
Package hyperref Info: Hyper figures OFF on input line 4179.
Package hyperref Info: Link nesting OFF on input line 4184.
Package hyperref Info: Hyper index ON on input line 4187.
Package hyperref Info: Plain pages OFF on input line 4194.
Package hyperref Info: Backreferencing OFF on input line 4199.
Package hyperref Info: Implicit mode ON; LaTeX internals redefined.
Package hyperref Info: Bookmarks ON on input line 4446.
\c@Hy@tempcnt=\count275

(/usr/local/texlive/2024/texmf-dist/tex/latex/url/url.sty
\Urlmuskip=\muskip16
Package: url 2013/09/16  ver 3.4  Verb mode for urls, etc.
)
LaTeX Info: Redefining \url on input line 4784.
\XeTeXLinkMargin=\dimen150

(/usr/local/texlive/2024/texmf-dist/tex/generic/bitset/bitset.sty
Package: bitset 2019/12/09 v1.3 Handle bit-vector datatype (HO)

(/usr/local/texlive/2024/texmf-dist/tex/generic/bigintcalc/bigintcalc.sty
Package: bigintcalc 2019/12/15 v1.5 Expandable calculations on big integers (HO
)
))
\Fld@menulength=\count276
\Field@Width=\dimen151
\Fld@charsize=\dimen152
Package hyperref Info: Hyper figures OFF on input line 6063.
Package hyperref Info: Link nesting OFF on input line 6068.
Package hyperref Info: Hyper index ON on input line 6071.
Package hyperref Info: backreferencing OFF on input line 6078.
Package hyperref Info: Link coloring OFF on input line 6083.
Package hyperref Info: Link coloring with OCG OFF on input line 6088.
Package hyperref Info: PDF/A mode OFF on input line 6093.

(/usr/local/texlive/2024/texmf-dist/tex/latex/base/atbegshi-ltx.sty
Package: atbegshi-ltx 2021/01/10 v1.0c Emulation of the original atbegshi
package with kernel methods
)
\Hy@abspage=\count277
\c@Item=\count278
)
Package hyperref Info: Driver (autodetected): hpdftex.

(/usr/local/texlive/2024/texmf-dist/tex/latex/hyperref/hpdftex.def
File: hpdftex.def 2024-01-20 v7.01h Hyperref driver for pdfTeX

(/usr/local/texlive/2024/texmf-dist/tex/latex/base/atveryend-ltx.sty
Package: atveryend-ltx 2020/08/19 v1.0a Emulation of the original atveryend pac
kage
with kernel methods
)
\Fld@listcount=\count279
\c@bookmark@seq@number=\count280

(/usr/local/texlive/2024/texmf-dist/tex/latex/rerunfilecheck/rerunfilecheck.sty
Package: rerunfilecheck 2022-07-10 v1.10 Rerun checks for auxiliary files (HO)

(/usr/local/texlive/2024/texmf-dist/tex/generic/uniquecounter/uniquecounter.sty
Package: uniquecounter 2019/12/15 v1.4 Provide unlimited unique counter (HO)
)
Package uniquecounter Info: New unique counter `rerunfilecheck' on input line 2
85.
)
\Hy@SectionHShift=\skip55
) (/usr/local/texlive/2024/texmf-dist/tex/latex/ragged2e/ragged2e.sty
Package: ragged2e 2023/06/22 v3.6 ragged2e Package
\CenteringLeftskip=\skip56
\RaggedLeftLeftskip=\skip57
\RaggedRightLeftskip=\skip58
\CenteringRightskip=\skip59
\RaggedLeftRightskip=\skip60
\RaggedRightRightskip=\skip61
\CenteringParfillskip=\skip62
\RaggedLeftParfillskip=\skip63
\RaggedRightParfillskip=\skip64
\JustifyingParfillskip=\skip65
\CenteringParindent=\skip66
\RaggedLeftParindent=\skip67
\RaggedRightParindent=\skip68
\JustifyingParindent=\skip69
)
(/usr/local/texlive/2024/texmf-dist/tex/latex/geometry/geometry.sty
Package: geometry 2020/01/02 v5.9 Page Geometry

(/usr/local/texlive/2024/texmf-dist/tex/generic/iftex/ifvtex.sty
Package: ifvtex 2019/10/25 v1.7 ifvtex legacy package. Use iftex instead.
)
\Gm@cnth=\count281
\Gm@cntv=\count282
\c@Gm@tempcnt=\count283
\Gm@bindingoffset=\dimen153
\Gm@wd@mp=\dimen154
\Gm@odd@mp=\dimen155
\Gm@even@mp=\dimen156
\Gm@layoutwidth=\dimen157
\Gm@layoutheight=\dimen158
\Gm@layouthoffset=\dimen159
\Gm@layoutvoffset=\dimen160
\Gm@dimlist=\toks20
)
(/usr/local/texlive/2024/texmf-dist/tex/latex/changepage/changepage.sty
Package: changepage 2009/10/20 v1.0c check page and change page layout
\c@cp@cntr=\count284
\cp@tempcnt=\count285
)
\@tufte@overhang=\skip70
\@tufte@fullwidth=\skip71
\@tufte@caption@fill=\skip72

(/usr/local/texlive/2024/texmf-dist/tex/latex/paralist/paralist.sty
Package: paralist 2017/01/22 v2.7 Extended list environments
\pltopsep=\skip73
\plpartopsep=\skip74
\plitemsep=\skip75
\plparsep=\skip76
\pl@lab=\toks21
)
(/usr/local/texlive/2024/texmf-dist/tex/latex/textcase/textcase.sty
Package: textcase 2023/07/27 v1.04 Text only upper/lower case changing (DPC)
Package textcase Info: Defining Legacy names on input line 20.
)
(/usr/local/texlive/2024/texmf-dist/tex/latex/microtype/letterspace.sty
Package: letterspace 2023/03/13 v3.1a Robust letterspacing (RS)
LaTeX Info: Redefining \lsstyle on input line 340.
LaTeX Info: Redefining \lslig on input line 341.
LaTeX Info: Redefining \textls on input line 369.
\MT@outer@kern=\dimen161
)
(/usr/local/texlive/2024/texmf-dist/tex/latex/setspace/setspace.sty
Package: setspace 2022/12/04 v6.7b set line spacing
)
(/usr/local/texlive/2024/texmf-dist/tex/latex/xcolor/xcolor.sty
Package: xcolor 2023/11/15 v3.01 LaTeX color extensions (UK)

(/usr/local/texlive/2024/texmf-dist/tex/latex/graphics-cfg/color.cfg
File: color.cfg 2016/01/02 v1.6 sample color configuration
)

Package xcolor Warning: Package option `usenames' is obsolete and ignored on in
put line 266.

Package xcolor Info: Driver file: pdftex.def on input line 274.
(/usr/local/texlive/2024/texmf-dist/tex/latex/graphics-def/pdftex.def
File: pdftex.def 2022/09/22 v1.2b Graphics/color driver for pdftex
)
(/usr/local/texlive/2024/texmf-dist/tex/latex/graphics/mathcolor.ltx)
Package xcolor Info: Model `cmy' substituted by `cmy0' on input line 1350.
Package xcolor Info: Model `hsb' substituted by `rgb' on input line 1354.
Package xcolor Info: Model `RGB' extended on input line 1366.
Package xcolor Info: Model `HTML' substituted by `rgb' on input line 1368.
Package xcolor Info: Model `Hsb' substituted by `hsb' on input line 1369.
Package xcolor Info: Model `tHsb' substituted by `hsb' on input line 1370.
Package xcolor Info: Model `HSB' substituted by `hsb' on input line 1371.
Package xcolor Info: Model `Gray' substituted by `gray' on input line 1372.
Package xcolor Info: Model `wave' substituted by `hsb' on input line 1373.
)
(/usr/local/texlive/2024/texmf-dist/tex/latex/graphics/dvipsnam.def
File: dvipsnam.def 2016/06/17 v3.0m Driver-dependent file (DPC,SPQR)
)
(/usr/local/texlive/2024/texmf-dist/tex/latex/xcolor/svgnam.def
File: svgnam.def 2023/11/15 v3.01 Predefined colors according to SVG 1.1 (UK)
)
(/usr/local/texlive/2024/texmf-dist/tex/latex/natbib/natbib.sty
Package: natbib 2010/09/13 8.31b (PWD, AO)
\bibhang=\skip77
\bibsep=\skip78
LaTeX Info: Redefining \cite on input line 694.
\c@NAT@ctr=\count286
)
(/usr/local/texlive/2024/texmf-dist/tex/latex/natbib/bibentry.sty
Package: bibentry 2007/10/30 1.5 (PWD)
) (./music.bbl)
\c@@tufte@num@bibkeys=\count287
 (/usr/local/texlive/2024/texmf-dist/tex/latex/sauerj/optparams.sty
Package: optparams 2004/08/14 v0.9 multiple optional parameters in macros
)
\@tufte@sidenote@vertical@offset=\skip79

(/usr/local/texlive/2024/texmf-dist/tex/latex/placeins/placeins.sty
Package: placeins 2005/04/18  v 2.2
)
\@tufte@margin@floatbox=\box52
\@tufte@figure@box=\box53
\@tufte@caption@box=\box54
\@tufte@caption@vertical@offset=\skip80
\@tufte@float@contents@width=\skip81

(/usr/local/texlive/2024/texmf-dist/tex/latex/psnfss/mathpazo.sty
Package: mathpazo 2020/03/25 PSNFSS-v9.3 Palatino w/ Pazo Math (D.Puga, WaS) 
\symupright=\mathgroup4
)
(/usr/local/texlive/2024/texmf-dist/tex/latex/psnfss/helvet.sty
Package: helvet 2020/03/25 PSNFSS-v9.3 (WaS) 
)
(/usr/local/texlive/2024/texmf-dist/tex/latex/bera/beramono.sty
Package: beramono 2004/01/31 (WaS)
)
(/usr/local/texlive/2024/texmf-dist/tex/latex/base/fontenc.sty
Package: fontenc 2021/04/29 v2.0v Standard LaTeX package
LaTeX Font Info:    Trying to load font information for T1+pplj on input line 1
12.

(/usr/local/texlive/2024/texmf-dist/tex/latex/psnfss/t1pplj.fd
File: t1pplj.fd 2004/09/06 font definitions for T1/pplj.
))
(/usr/local/texlive/2024/texmf-dist/tex/latex/base/textcomp.sty
Package: textcomp 2020/02/02 v2.0n Standard LaTeX package
)
(/usr/local/texlive/2024/texmf-dist/tex/latex/fancyhdr/fancyhdr.sty
Package: fancyhdr 2022/11/09 v4.1 Extensive control of page headers and footers

\f@nch@headwidth=\skip82
\f@nch@O@elh=\skip83
\f@nch@O@erh=\skip84
\f@nch@O@olh=\skip85
\f@nch@O@orh=\skip86
\f@nch@O@elf=\skip87
\f@nch@O@erf=\skip88
\f@nch@O@olf=\skip89
\f@nch@O@orf=\skip90
)
\tufteskipamount=\skip91

(/usr/local/texlive/2024/texmf-dist/tex/latex/tools/multicol.sty
Package: multicol 2023/03/30 v1.9f multicolumn formatting (FMi)
\c@tracingmulticols=\count288
\mult@box=\box55
\multicol@leftmargin=\dimen162
\c@unbalance=\count289
\c@collectmore=\count290
\doublecol@number=\count291
\multicoltolerance=\count292
\multicolpretolerance=\count293
\full@width=\dimen163
\page@free=\dimen164
\premulticols=\dimen165
\postmulticols=\dimen166
\multicolsep=\skip92
\multicolbaselineskip=\skip93
\partial@page=\box56
\last@line=\box57
\mc@boxedresult=\box58
\maxbalancingoverflow=\dimen167
\mult@rightbox=\box59
\mult@grightbox=\box60
\mult@firstbox=\box61
\mult@gfirstbox=\box62
\@tempa=\box63
\@tempa=\box64
\@tempa=\box65
\@tempa=\box66
\@tempa=\box67
\@tempa=\box68
\@tempa=\box69
\@tempa=\box70
\@tempa=\box71
\@tempa=\box72
\@tempa=\box73
\@tempa=\box74
\@tempa=\box75
\@tempa=\box76
\@tempa=\box77
\@tempa=\box78
\@tempa=\box79
\@tempa=\box80
\@tempa=\box81
\@tempa=\box82
\@tempa=\box83
\@tempa=\box84
\@tempa=\box85
\@tempa=\box86
\@tempa=\box87
\@tempa=\box88
\@tempa=\box89
\@tempa=\box90
\@tempa=\box91
\@tempa=\box92
\@tempa=\box93
\@tempa=\box94
\@tempa=\box95
\@tempa=\box96
\@tempa=\box97
\@tempa=\box98
\c@minrows=\count294
\c@columnbadness=\count295
\c@finalcolumnbadness=\count296
\last@try=\dimen168
\multicolovershoot=\dimen169
\multicolundershoot=\dimen170
\mult@nat@firstbox=\box99
\colbreak@box=\box100
\mc@col@check@num=\count297
)))
Package hyperref Info: Option `colorlinks' set `true' on input line 5.

(/usr/local/texlive/2024/texmf-dist/tex/latex/base/fontenc.sty
Package: fontenc 2021/04/29 v2.0v Standard LaTeX package
)
(/usr/local/texlive/2024/texmf-dist/tex/latex/booktabs/booktabs.sty
Package: booktabs 2020/01/12 v1.61803398 Publication quality tables
\heavyrulewidth=\dimen171
\lightrulewidth=\dimen172
\cmidrulewidth=\dimen173
\belowrulesep=\dimen174
\belowbottomsep=\dimen175
\aboverulesep=\dimen176
\abovetopsep=\dimen177
\cmidrulesep=\dimen178
\cmidrulekern=\dimen179
\defaultaddspace=\dimen180
\@cmidla=\count298
\@cmidlb=\count299
\@aboverulesep=\dimen181
\@belowrulesep=\dimen182
\@thisruleclass=\count300
\@lastruleclass=\count301
\@thisrulewidth=\dimen183
)
(/usr/local/texlive/2024/texmf-dist/tex/latex/pgf/frontendlayer/tikz.sty
(/usr/local/texlive/2024/texmf-dist/tex/latex/pgf/basiclayer/pgf.sty
(/usr/local/texlive/2024/texmf-dist/tex/latex/pgf/utilities/pgfrcs.sty
(/usr/local/texlive/2024/texmf-dist/tex/generic/pgf/utilities/pgfutil-common.te
x
\pgfutil@everybye=\toks22
\pgfutil@tempdima=\dimen184
\pgfutil@tempdimb=\dimen185
)
(/usr/local/texlive/2024/texmf-dist/tex/generic/pgf/utilities/pgfutil-latex.def
\pgfutil@abb=\box101
) (/usr/local/texlive/2024/texmf-dist/tex/generic/pgf/utilities/pgfrcs.code.tex
(/usr/local/texlive/2024/texmf-dist/tex/generic/pgf/pgf.revision.tex)
Package: pgfrcs 2023-01-15 v3.1.10 (3.1.10)
))
Package: pgf 2023-01-15 v3.1.10 (3.1.10)

(/usr/local/texlive/2024/texmf-dist/tex/latex/pgf/basiclayer/pgfcore.sty
(/usr/local/texlive/2024/texmf-dist/tex/latex/graphics/graphicx.sty
Package: graphicx 2021/09/16 v1.2d Enhanced LaTeX Graphics (DPC,SPQR)

(/usr/local/texlive/2024/texmf-dist/tex/latex/graphics/graphics.sty
Package: graphics 2022/03/10 v1.4e Standard LaTeX Graphics (DPC,SPQR)

(/usr/local/texlive/2024/texmf-dist/tex/latex/graphics/trig.sty
Package: trig 2021/08/11 v1.11 sin cos tan (DPC)
)
(/usr/local/texlive/2024/texmf-dist/tex/latex/graphics-cfg/graphics.cfg
File: graphics.cfg 2016/06/04 v1.11 sample graphics configuration
)
Package graphics Info: Driver file: pdftex.def on input line 107.
)
\Gin@req@height=\dimen186
\Gin@req@width=\dimen187
)
(/usr/local/texlive/2024/texmf-dist/tex/latex/pgf/systemlayer/pgfsys.sty
(/usr/local/texlive/2024/texmf-dist/tex/generic/pgf/systemlayer/pgfsys.code.tex
Package: pgfsys 2023-01-15 v3.1.10 (3.1.10)
(/usr/local/texlive/2024/texmf-dist/tex/generic/pgf/utilities/pgfkeys.code.tex
\pgfkeys@pathtoks=\toks23
\pgfkeys@temptoks=\toks24

(/usr/local/texlive/2024/texmf-dist/tex/generic/pgf/utilities/pgfkeyslibraryfil
tered.code.tex
\pgfkeys@tmptoks=\toks25
))
\pgf@x=\dimen188
\pgf@y=\dimen189
\pgf@xa=\dimen190
\pgf@ya=\dimen191
\pgf@xb=\dimen192
\pgf@yb=\dimen193
\pgf@xc=\dimen194
\pgf@yc=\dimen195
\pgf@xd=\dimen196
\pgf@yd=\dimen197
\w@pgf@writea=\write3
\r@pgf@reada=\read2
\c@pgf@counta=\count302
\c@pgf@countb=\count303
\c@pgf@countc=\count304
\c@pgf@countd=\count305
\t@pgf@toka=\toks26
\t@pgf@tokb=\toks27
\t@pgf@tokc=\toks28
\pgf@sys@id@count=\count306

(/usr/local/texlive/2024/texmf-dist/tex/generic/pgf/systemlayer/pgf.cfg
File: pgf.cfg 2023-01-15 v3.1.10 (3.1.10)
)
Driver file for pgf: pgfsys-pdftex.def

(/usr/local/texlive/2024/texmf-dist/tex/generic/pgf/systemlayer/pgfsys-pdftex.d
ef
File: pgfsys-pdftex.def 2023-01-15 v3.1.10 (3.1.10)

(/usr/local/texlive/2024/texmf-dist/tex/generic/pgf/systemlayer/pgfsys-common-p
df.def
File: pgfsys-common-pdf.def 2023-01-15 v3.1.10 (3.1.10)
)))
(/usr/local/texlive/2024/texmf-dist/tex/generic/pgf/systemlayer/pgfsyssoftpath.
code.tex
File: pgfsyssoftpath.code.tex 2023-01-15 v3.1.10 (3.1.10)
\pgfsyssoftpath@smallbuffer@items=\count307
\pgfsyssoftpath@bigbuffer@items=\count308
)
(/usr/local/texlive/2024/texmf-dist/tex/generic/pgf/systemlayer/pgfsysprotocol.
code.tex
File: pgfsysprotocol.code.tex 2023-01-15 v3.1.10 (3.1.10)
))
(/usr/local/texlive/2024/texmf-dist/tex/generic/pgf/basiclayer/pgfcore.code.tex
Package: pgfcore 2023-01-15 v3.1.10 (3.1.10)
(/usr/local/texlive/2024/texmf-dist/tex/generic/pgf/math/pgfmath.code.tex
(/usr/local/texlive/2024/texmf-dist/tex/generic/pgf/math/pgfmathutil.code.tex)
(/usr/local/texlive/2024/texmf-dist/tex/generic/pgf/math/pgfmathparser.code.tex
\pgfmath@dimen=\dimen198
\pgfmath@count=\count309
\pgfmath@box=\box102
\pgfmath@toks=\toks29
\pgfmath@stack@operand=\toks30
\pgfmath@stack@operation=\toks31
)
(/usr/local/texlive/2024/texmf-dist/tex/generic/pgf/math/pgfmathfunctions.code.
tex)
(/usr/local/texlive/2024/texmf-dist/tex/generic/pgf/math/pgfmathfunctions.basic
.code.tex)
(/usr/local/texlive/2024/texmf-dist/tex/generic/pgf/math/pgfmathfunctions.trigo
nometric.code.tex)
(/usr/local/texlive/2024/texmf-dist/tex/generic/pgf/math/pgfmathfunctions.rando
m.code.tex)
(/usr/local/texlive/2024/texmf-dist/tex/generic/pgf/math/pgfmathfunctions.compa
rison.code.tex)
(/usr/local/texlive/2024/texmf-dist/tex/generic/pgf/math/pgfmathfunctions.base.
code.tex)
(/usr/local/texlive/2024/texmf-dist/tex/generic/pgf/math/pgfmathfunctions.round
.code.tex)
(/usr/local/texlive/2024/texmf-dist/tex/generic/pgf/math/pgfmathfunctions.misc.
code.tex)
(/usr/local/texlive/2024/texmf-dist/tex/generic/pgf/math/pgfmathfunctions.integ
erarithmetics.code.tex)
(/usr/local/texlive/2024/texmf-dist/tex/generic/pgf/math/pgfmathcalc.code.tex)
(/usr/local/texlive/2024/texmf-dist/tex/generic/pgf/math/pgfmathfloat.code.tex
\c@pgfmathroundto@lastzeros=\count310
)) (/usr/local/texlive/2024/texmf-dist/tex/generic/pgf/math/pgfint.code.tex)
(/usr/local/texlive/2024/texmf-dist/tex/generic/pgf/basiclayer/pgfcorepoints.co
de.tex
File: pgfcorepoints.code.tex 2023-01-15 v3.1.10 (3.1.10)
\pgf@picminx=\dimen199
\pgf@picmaxx=\dimen256
\pgf@picminy=\dimen257
\pgf@picmaxy=\dimen258
\pgf@pathminx=\dimen259
\pgf@pathmaxx=\dimen260
\pgf@pathminy=\dimen261
\pgf@pathmaxy=\dimen262
\pgf@xx=\dimen263
\pgf@xy=\dimen264
\pgf@yx=\dimen265
\pgf@yy=\dimen266
\pgf@zx=\dimen267
\pgf@zy=\dimen268
)
(/usr/local/texlive/2024/texmf-dist/tex/generic/pgf/basiclayer/pgfcorepathconst
ruct.code.tex
File: pgfcorepathconstruct.code.tex 2023-01-15 v3.1.10 (3.1.10)
\pgf@path@lastx=\dimen269
\pgf@path@lasty=\dimen270
)
(/usr/local/texlive/2024/texmf-dist/tex/generic/pgf/basiclayer/pgfcorepathusage
.code.tex
File: pgfcorepathusage.code.tex 2023-01-15 v3.1.10 (3.1.10)
\pgf@shorten@end@additional=\dimen271
\pgf@shorten@start@additional=\dimen272
)
(/usr/local/texlive/2024/texmf-dist/tex/generic/pgf/basiclayer/pgfcorescopes.co
de.tex
File: pgfcorescopes.code.tex 2023-01-15 v3.1.10 (3.1.10)
\pgfpic=\box103
\pgf@hbox=\box104
\pgf@layerbox@main=\box105
\pgf@picture@serial@count=\count311
)
(/usr/local/texlive/2024/texmf-dist/tex/generic/pgf/basiclayer/pgfcoregraphicst
ate.code.tex
File: pgfcoregraphicstate.code.tex 2023-01-15 v3.1.10 (3.1.10)
\pgflinewidth=\dimen273
)
(/usr/local/texlive/2024/texmf-dist/tex/generic/pgf/basiclayer/pgfcoretransform
ations.code.tex
File: pgfcoretransformations.code.tex 2023-01-15 v3.1.10 (3.1.10)
\pgf@pt@x=\dimen274
\pgf@pt@y=\dimen275
\pgf@pt@temp=\dimen276
)
(/usr/local/texlive/2024/texmf-dist/tex/generic/pgf/basiclayer/pgfcorequick.cod
e.tex
File: pgfcorequick.code.tex 2023-01-15 v3.1.10 (3.1.10)
)
(/usr/local/texlive/2024/texmf-dist/tex/generic/pgf/basiclayer/pgfcoreobjects.c
ode.tex
File: pgfcoreobjects.code.tex 2023-01-15 v3.1.10 (3.1.10)
)
(/usr/local/texlive/2024/texmf-dist/tex/generic/pgf/basiclayer/pgfcorepathproce
ssing.code.tex
File: pgfcorepathprocessing.code.tex 2023-01-15 v3.1.10 (3.1.10)
)
(/usr/local/texlive/2024/texmf-dist/tex/generic/pgf/basiclayer/pgfcorearrows.co
de.tex
File: pgfcorearrows.code.tex 2023-01-15 v3.1.10 (3.1.10)
\pgfarrowsep=\dimen277
)
(/usr/local/texlive/2024/texmf-dist/tex/generic/pgf/basiclayer/pgfcoreshade.cod
e.tex
File: pgfcoreshade.code.tex 2023-01-15 v3.1.10 (3.1.10)
\pgf@max=\dimen278
\pgf@sys@shading@range@num=\count312
\pgf@shadingcount=\count313
)
(/usr/local/texlive/2024/texmf-dist/tex/generic/pgf/basiclayer/pgfcoreimage.cod
e.tex
File: pgfcoreimage.code.tex 2023-01-15 v3.1.10 (3.1.10)
)
(/usr/local/texlive/2024/texmf-dist/tex/generic/pgf/basiclayer/pgfcoreexternal.
code.tex
File: pgfcoreexternal.code.tex 2023-01-15 v3.1.10 (3.1.10)
\pgfexternal@startupbox=\box106
)
(/usr/local/texlive/2024/texmf-dist/tex/generic/pgf/basiclayer/pgfcorelayers.co
de.tex
File: pgfcorelayers.code.tex 2023-01-15 v3.1.10 (3.1.10)
)
(/usr/local/texlive/2024/texmf-dist/tex/generic/pgf/basiclayer/pgfcoretranspare
ncy.code.tex
File: pgfcoretransparency.code.tex 2023-01-15 v3.1.10 (3.1.10)
)
(/usr/local/texlive/2024/texmf-dist/tex/generic/pgf/basiclayer/pgfcorepatterns.
code.tex
File: pgfcorepatterns.code.tex 2023-01-15 v3.1.10 (3.1.10)
)
(/usr/local/texlive/2024/texmf-dist/tex/generic/pgf/basiclayer/pgfcorerdf.code.
tex
File: pgfcorerdf.code.tex 2023-01-15 v3.1.10 (3.1.10)
)))
(/usr/local/texlive/2024/texmf-dist/tex/generic/pgf/modules/pgfmoduleshapes.cod
e.tex
File: pgfmoduleshapes.code.tex 2023-01-15 v3.1.10 (3.1.10)
\pgfnodeparttextbox=\box107
)
(/usr/local/texlive/2024/texmf-dist/tex/generic/pgf/modules/pgfmoduleplot.code.
tex
File: pgfmoduleplot.code.tex 2023-01-15 v3.1.10 (3.1.10)
)
(/usr/local/texlive/2024/texmf-dist/tex/latex/pgf/compatibility/pgfcomp-version
-0-65.sty
Package: pgfcomp-version-0-65 2023-01-15 v3.1.10 (3.1.10)
\pgf@nodesepstart=\dimen279
\pgf@nodesepend=\dimen280
)
(/usr/local/texlive/2024/texmf-dist/tex/latex/pgf/compatibility/pgfcomp-version
-1-18.sty
Package: pgfcomp-version-1-18 2023-01-15 v3.1.10 (3.1.10)
))
(/usr/local/texlive/2024/texmf-dist/tex/latex/pgf/utilities/pgffor.sty
(/usr/local/texlive/2024/texmf-dist/tex/latex/pgf/utilities/pgfkeys.sty
(/usr/local/texlive/2024/texmf-dist/tex/generic/pgf/utilities/pgfkeys.code.tex)
) (/usr/local/texlive/2024/texmf-dist/tex/latex/pgf/math/pgfmath.sty
(/usr/local/texlive/2024/texmf-dist/tex/generic/pgf/math/pgfmath.code.tex))
(/usr/local/texlive/2024/texmf-dist/tex/generic/pgf/utilities/pgffor.code.tex
Package: pgffor 2023-01-15 v3.1.10 (3.1.10)
\pgffor@iter=\dimen281
\pgffor@skip=\dimen282
\pgffor@stack=\toks32
\pgffor@toks=\toks33
))
(/usr/local/texlive/2024/texmf-dist/tex/generic/pgf/frontendlayer/tikz/tikz.cod
e.tex
Package: tikz 2023-01-15 v3.1.10 (3.1.10)

(/usr/local/texlive/2024/texmf-dist/tex/generic/pgf/libraries/pgflibraryplothan
dlers.code.tex
File: pgflibraryplothandlers.code.tex 2023-01-15 v3.1.10 (3.1.10)
\pgf@plot@mark@count=\count314
\pgfplotmarksize=\dimen283
)
\tikz@lastx=\dimen284
\tikz@lasty=\dimen285
\tikz@lastxsaved=\dimen286
\tikz@lastysaved=\dimen287
\tikz@lastmovetox=\dimen288
\tikz@lastmovetoy=\dimen289
\tikzleveldistance=\dimen290
\tikzsiblingdistance=\dimen291
\tikz@figbox=\box108
\tikz@figbox@bg=\box109
\tikz@tempbox=\box110
\tikz@tempbox@bg=\box111
\tikztreelevel=\count315
\tikznumberofchildren=\count316
\tikznumberofcurrentchild=\count317
\tikz@fig@count=\count318

(/usr/local/texlive/2024/texmf-dist/tex/generic/pgf/modules/pgfmodulematrix.cod
e.tex
File: pgfmodulematrix.code.tex 2023-01-15 v3.1.10 (3.1.10)
\pgfmatrixcurrentrow=\count319
\pgfmatrixcurrentcolumn=\count320
\pgf@matrix@numberofcolumns=\count321
)
\tikz@expandcount=\count322

(/usr/local/texlive/2024/texmf-dist/tex/generic/pgf/frontendlayer/tikz/librarie
s/tikzlibrarytopaths.code.tex
File: tikzlibrarytopaths.code.tex 2023-01-15 v3.1.10 (3.1.10)
)))
(/usr/local/texlive/2024/texmf-dist/tex/generic/pgf/frontendlayer/tikz/librarie
s/tikzlibraryshapes.code.tex
File: tikzlibraryshapes.code.tex 2023-01-15 v3.1.10 (3.1.10)

(/usr/local/texlive/2024/texmf-dist/tex/generic/pgf/frontendlayer/tikz/librarie
s/tikzlibraryshapes.geometric.code.tex
File: tikzlibraryshapes.geometric.code.tex 2023-01-15 v3.1.10 (3.1.10)

(/usr/local/texlive/2024/texmf-dist/tex/generic/pgf/libraries/shapes/pgflibrary
shapes.geometric.code.tex
File: pgflibraryshapes.geometric.code.tex 2023-01-15 v3.1.10 (3.1.10)
))
(/usr/local/texlive/2024/texmf-dist/tex/generic/pgf/frontendlayer/tikz/librarie
s/tikzlibraryshapes.misc.code.tex
File: tikzlibraryshapes.misc.code.tex 2023-01-15 v3.1.10 (3.1.10)

(/usr/local/texlive/2024/texmf-dist/tex/generic/pgf/libraries/shapes/pgflibrary
shapes.misc.code.tex
File: pgflibraryshapes.misc.code.tex 2023-01-15 v3.1.10 (3.1.10)
))
(/usr/local/texlive/2024/texmf-dist/tex/generic/pgf/frontendlayer/tikz/librarie
s/tikzlibraryshapes.symbols.code.tex
File: tikzlibraryshapes.symbols.code.tex 2023-01-15 v3.1.10 (3.1.10)

(/usr/local/texlive/2024/texmf-dist/tex/generic/pgf/libraries/shapes/pgflibrary
shapes.symbols.code.tex
File: pgflibraryshapes.symbols.code.tex 2023-01-15 v3.1.10 (3.1.10)
))
(/usr/local/texlive/2024/texmf-dist/tex/generic/pgf/frontendlayer/tikz/librarie
s/tikzlibraryshapes.arrows.code.tex
File: tikzlibraryshapes.arrows.code.tex 2023-01-15 v3.1.10 (3.1.10)

(/usr/local/texlive/2024/texmf-dist/tex/generic/pgf/libraries/shapes/pgflibrary
shapes.arrows.code.tex
File: pgflibraryshapes.arrows.code.tex 2023-01-15 v3.1.10 (3.1.10)
))
(/usr/local/texlive/2024/texmf-dist/tex/generic/pgf/frontendlayer/tikz/librarie
s/tikzlibraryshapes.callouts.code.tex
(/usr/local/texlive/2024/texmf-dist/tex/generic/pgf/libraries/shapes/pgflibrary
shapes.callouts.code.tex))
(/usr/local/texlive/2024/texmf-dist/tex/generic/pgf/frontendlayer/tikz/librarie
s/tikzlibraryshapes.multipart.code.tex
File: tikzlibraryshapes.multipart.code.tex 2023-01-15 v3.1.10 (3.1.10)

(/usr/local/texlive/2024/texmf-dist/tex/generic/pgf/libraries/shapes/pgflibrary
shapes.multipart.code.tex
File: pgflibraryshapes.multipart.code.tex 2023-01-15 v3.1.10 (3.1.10)
\pgfnodepartlowerbox=\box112
\pgfnodeparttwobox=\box113
\pgfnodepartthreebox=\box114
\pgfnodepartfourbox=\box115
\pgfnodeparttwentybox=\box116
\pgfnodepartnineteenbox=\box117
\pgfnodeparteighteenbox=\box118
\pgfnodepartseventeenbox=\box119
\pgfnodepartsixteenbox=\box120
\pgfnodepartfifteenbox=\box121
\pgfnodepartfourteenbox=\box122
\pgfnodepartthirteenbox=\box123
\pgfnodeparttwelvebox=\box124
\pgfnodepartelevenbox=\box125
\pgfnodeparttenbox=\box126
\pgfnodepartninebox=\box127
\pgfnodeparteightbox=\box128
\pgfnodepartsevenbox=\box129
\pgfnodepartsixbox=\box130
\pgfnodepartfivebox=\box131
)))
(/usr/local/texlive/2024/texmf-dist/tex/generic/pgf/frontendlayer/tikz/librarie
s/tikzlibraryarrows.code.tex
File: tikzlibraryarrows.code.tex 2023-01-15 v3.1.10 (3.1.10)

(/usr/local/texlive/2024/texmf-dist/tex/generic/pgf/libraries/pgflibraryarrows.
code.tex
File: pgflibraryarrows.code.tex 2023-01-15 v3.1.10 (3.1.10)
\arrowsize=\dimen292
))
(/usr/local/texlive/2024/texmf-dist/tex/generic/pgf/frontendlayer/tikz/librarie
s/tikzlibrarypositioning.code.tex
File: tikzlibrarypositioning.code.tex 2023-01-15 v3.1.10 (3.1.10)
)
(/usr/local/texlive/2024/texmf-dist/tex/generic/pgf/frontendlayer/tikz/librarie
s/tikzlibrarycalc.code.tex
File: tikzlibrarycalc.code.tex 2023-01-15 v3.1.10 (3.1.10)
)
(/usr/local/texlive/2024/texmf-dist/tex/generic/pgf/frontendlayer/tikz/librarie
s/tikzlibrarymath.code.tex
(/usr/local/texlive/2024/texmf-dist/tex/generic/pgf/frontendlayer/tikz/librarie
s/tikzlibraryfpu.code.tex
(/usr/local/texlive/2024/texmf-dist/tex/generic/pgf/libraries/pgflibraryfpu.cod
e.tex))
\tikz@math@for@depth=\count323
\tikz@math@dimen=\dimen293
\tikz@math@toks=\toks34
)
(/usr/local/texlive/2024/texmf-dist/tex/generic/pgf/libraries/pgflibraryarrows.
meta.code.tex
File: pgflibraryarrows.meta.code.tex 2023-01-15 v3.1.10 (3.1.10)
\pgfarrowinset=\dimen294
\pgfarrowlength=\dimen295
\pgfarrowwidth=\dimen296
\pgfarrowlinewidth=\dimen297
)
(/usr/local/texlive/2024/texmf-dist/tex/latex/mdframed/mdframed.sty
Package: mdframed 2013/07/01 1.9b: mdframed

(/usr/local/texlive/2024/texmf-dist/tex/latex/l3packages/xparse/xparse.sty
(/usr/local/texlive/2024/texmf-dist/tex/latex/l3kernel/expl3.sty
Package: expl3 2024-02-20 L3 programming layer (loader) 

(/usr/local/texlive/2024/texmf-dist/tex/latex/l3backend/l3backend-pdftex.def
File: l3backend-pdftex.def 2024-02-20 L3 backend support: PDF output (pdfTeX)
\l__color_backend_stack_int=\count324
\l__pdf_internal_box=\box132
))
Package: xparse 2024-02-18 L3 Experimental document command parser
) (/usr/local/texlive/2024/texmf-dist/tex/latex/zref/zref-abspage.sty
Package: zref-abspage 2023-09-14 v2.35 Module abspage for zref (HO)

(/usr/local/texlive/2024/texmf-dist/tex/latex/zref/zref-base.sty
Package: zref-base 2023-09-14 v2.35 Module base for zref (HO)
Package zref Info: New property list: main on input line 767.
Package zref Info: New property: default on input line 768.
Package zref Info: New property: page on input line 769.
)
\c@abspage=\count325
Package zref Info: New property: abspage on input line 67.
)
(/usr/local/texlive/2024/texmf-dist/tex/latex/needspace/needspace.sty
Package: needspace 2010/09/12 v1.3d reserve vertical space
)
\mdf@templength=\skip94
\c@mdf@globalstyle@cnt=\count326
\mdf@skipabove@length=\skip95
\mdf@skipbelow@length=\skip96
\mdf@leftmargin@length=\skip97
\mdf@rightmargin@length=\skip98
\mdf@innerleftmargin@length=\skip99
\mdf@innerrightmargin@length=\skip100
\mdf@innertopmargin@length=\skip101
\mdf@innerbottommargin@length=\skip102
\mdf@splittopskip@length=\skip103
\mdf@splitbottomskip@length=\skip104
\mdf@outermargin@length=\skip105
\mdf@innermargin@length=\skip106
\mdf@linewidth@length=\skip107
\mdf@innerlinewidth@length=\skip108
\mdf@middlelinewidth@length=\skip109
\mdf@outerlinewidth@length=\skip110
\mdf@roundcorner@length=\skip111
\mdf@footenotedistance@length=\skip112
\mdf@userdefinedwidth@length=\skip113
\mdf@needspace@length=\skip114
\mdf@frametitleaboveskip@length=\skip115
\mdf@frametitlebelowskip@length=\skip116
\mdf@frametitlerulewidth@length=\skip117
\mdf@frametitleleftmargin@length=\skip118
\mdf@frametitlerightmargin@length=\skip119
\mdf@shadowsize@length=\skip120
\mdf@extratopheight@length=\skip121
\mdf@subtitleabovelinewidth@length=\skip122
\mdf@subtitlebelowlinewidth@length=\skip123
\mdf@subtitleaboveskip@length=\skip124
\mdf@subtitlebelowskip@length=\skip125
\mdf@subtitleinneraboveskip@length=\skip126
\mdf@subtitleinnerbelowskip@length=\skip127
\mdf@subsubtitleabovelinewidth@length=\skip128
\mdf@subsubtitlebelowlinewidth@length=\skip129
\mdf@subsubtitleaboveskip@length=\skip130
\mdf@subsubtitlebelowskip@length=\skip131
\mdf@subsubtitleinneraboveskip@length=\skip132
\mdf@subsubtitleinnerbelowskip@length=\skip133

(/usr/local/texlive/2024/texmf-dist/tex/latex/mdframed/md-frame-1.mdf
File: md-frame-1.mdf 2013/07/01\ 1.9b: md-frame-1
)
\mdf@frametitlebox=\box133
\mdf@footnotebox=\box134
\mdf@splitbox@one=\box135
\mdf@splitbox@two=\box136
\mdf@splitbox@save=\box137
\mdfsplitboxwidth=\skip134
\mdfsplitboxtotalwidth=\skip135
\mdfsplitboxheight=\skip136
\mdfsplitboxdepth=\skip137
\mdfsplitboxtotalheight=\skip138
\mdfframetitleboxwidth=\skip139
\mdfframetitleboxtotalwidth=\skip140
\mdfframetitleboxheight=\skip141
\mdfframetitleboxdepth=\skip142
\mdfframetitleboxtotalheight=\skip143
\mdffootnoteboxwidth=\skip144
\mdffootnoteboxtotalwidth=\skip145
\mdffootnoteboxheight=\skip146
\mdffootnoteboxdepth=\skip147
\mdffootnoteboxtotalheight=\skip148
\mdftotallinewidth=\skip149
\mdfboundingboxwidth=\skip150
\mdfboundingboxtotalwidth=\skip151
\mdfboundingboxheight=\skip152
\mdfboundingboxdepth=\skip153
\mdfboundingboxtotalheight=\skip154
\mdf@freevspace@length=\skip155
\mdf@horizontalwidthofbox@length=\skip156
\mdf@verticalmarginwhole@length=\skip157
\mdf@horizontalspaceofbox=\skip158
\mdfsubtitleheight=\skip159
\mdfsubsubtitleheight=\skip160
\c@mdfcountframes=\count327

****** mdframed patching \endmdf@trivlist

****** -- success******

\mdf@envdepth=\count328
\c@mdf@env@i=\count329
\c@mdf@env@ii=\count330
\c@mdf@zref@counter=\count331
Package zref Info: New property: mdf@pagevalue on input line 895.
)
(/usr/local/texlive/2024/texmf-dist/tex/latex/fancyvrb/fancyvrb.sty
Package: fancyvrb 2024/01/20 4.5c verbatim text (tvz,hv)
\FV@CodeLineNo=\count332
\FV@InFile=\read3
\FV@TabBox=\box138
\c@FancyVerbLine=\count333
\FV@StepNumber=\count334
\FV@OutFile=\write4
)
(/usr/local/texlive/2024/texmf-dist/tex/latex/hyphenat/hyphenat.sty
Package: hyphenat 2009/09/02 v2.3c hyphenation utilities
\langwohyphens=\language89
LaTeX Info: Redefining \_ on input line 43.
)
(/usr/local/texlive/2024/texmf-dist/tex/latex/amsfonts/amssymb.sty
Package: amssymb 2013/01/14 v3.01 AMS font symbols

(/usr/local/texlive/2024/texmf-dist/tex/latex/amsfonts/amsfonts.sty
Package: amsfonts 2013/01/14 v3.01 Basic AMSFonts support
\@emptytoks=\toks35
\symAMSa=\mathgroup5
\symAMSb=\mathgroup6
LaTeX Font Info:    Redeclaring math symbol \hbar on input line 98.
LaTeX Font Info:    Overwriting math alphabet `\mathfrak' in version `bold'
(Font)                  U/euf/m/n --> U/euf/b/n on input line 106.
))
(/usr/local/texlive/2024/texmf-dist/tex/latex/enumitem/enumitem.sty
Package: enumitem 2019/06/20 v3.9 Customized lists
\enitkv@toks@=\toks36
\labelindent=\skip161
\enit@outerparindent=\dimen298
\enit@toks=\toks37
\enit@inbox=\box139
\enit@count@id=\count335
\enitdp@description=\count336
)
(/usr/local/texlive/2024/texmf-dist/tex/latex/nomencl/nomencl.sty
Package: nomencl 2021/11/10 v5.6 Nomenclature package

(/usr/local/texlive/2024/texmf-dist/tex/latex/koma-script/tocbasic.sty
Package: tocbasic 2023/07/07 v3.41 KOMA-Script package (handling toc-files)

(/usr/local/texlive/2024/texmf-dist/tex/latex/koma-script/scrbase.sty
Package: scrbase 2023/07/07 v3.41 KOMA-Script package (KOMA-Script-independent 
basics and keyval usage)

(/usr/local/texlive/2024/texmf-dist/tex/latex/koma-script/scrlfile.sty
Package: scrlfile 2023/07/07 v3.41 KOMA-Script package (file load hooks)

(/usr/local/texlive/2024/texmf-dist/tex/latex/koma-script/scrlfile-hook.sty
Package: scrlfile-hook 2023/07/07 v3.41 KOMA-Script package (using LaTeX hooks)


(/usr/local/texlive/2024/texmf-dist/tex/latex/koma-script/scrlogo.sty
Package: scrlogo 2023/07/07 v3.41 KOMA-Script package (logo)
)))
Applying: [2021/05/01] Usage of raw or classic option list on input line 252.
Already applied: [0000/00/00] Usage of raw or classic option list on input line
 368.
)
\scr@dte@tocline@numberwidth=\skip162
\scr@dte@tocline@numbox=\box140
)
Package tocbasic Info: omitting babel extension for `nlo'
(tocbasic)             because of missing \bbl@set@language on input line 187.
Package tocbasic Info: omitting babel extension for `nls'
(tocbasic)             because of missing \bbl@set@language on input line 188.
\nomlabelwidth=\dimen299
\nom@tempdim=\dimen300
\nomitemsep=\skip163
)
\@nomenclaturefile=\write5
\openout5 = `music.nlo'.

Package nomencl Info: Writing nomenclature file music.nlo on input line 89.

(/usr/local/texlive/2024/texmf-dist/tex/latex/imakeidx/imakeidx.sty
Package: imakeidx 2016/10/15 v1.3e Package for typesetting indices in a synchro
nous mode
)
\music@idxfile=\write6
\openout6 = `music.idx'.


Writing index file music.idx
\FSaudit@idxfile=\write7
\openout7 = `FSaudit.idx'.

Writing index file FSaudit.idx

LaTeX Warning: Unused global option(s):
    [marginals=raggedright].

(./music.aux

LaTeX Warning: Label `cha:dohnanyi' multiply defined.

)
\openout1 = `music.aux'.

LaTeX Font Info:    Checking defaults for OML/cmm/m/it on input line 123.
LaTeX Font Info:    ... okay on input line 123.
LaTeX Font Info:    Checking defaults for OMS/cmsy/m/n on input line 123.
LaTeX Font Info:    ... okay on input line 123.
LaTeX Font Info:    Checking defaults for OT1/cmr/m/n on input line 123.
LaTeX Font Info:    ... okay on input line 123.
LaTeX Font Info:    Checking defaults for T1/cmr/m/n on input line 123.
LaTeX Font Info:    ... okay on input line 123.
LaTeX Font Info:    Checking defaults for TS1/cmr/m/n on input line 123.
LaTeX Font Info:    ... okay on input line 123.
LaTeX Font Info:    Checking defaults for OMX/cmex/m/n on input line 123.
LaTeX Font Info:    ... okay on input line 123.
LaTeX Font Info:    Checking defaults for U/cmr/m/n on input line 123.
LaTeX Font Info:    ... okay on input line 123.
LaTeX Font Info:    Checking defaults for PD1/pdf/m/n on input line 123.
LaTeX Font Info:    ... okay on input line 123.
LaTeX Font Info:    Checking defaults for PU/pdf/m/n on input line 123.
LaTeX Font Info:    ... okay on input line 123.
Package hyperref Info: Link coloring ON on input line 123.
 (./music.out) (./music.out)
\@outlinefile=\write8
\openout8 = `music.out'.


*geometry* driver: auto-detecting
*geometry* detected driver: pdftex
*geometry* verbose mode - [ preamble ] result:
* driver: pdftex
* paper: letterpaper
* layout: <same size as paper>
* layoutoffset:(h,v)=(0.0pt,0.0pt)
* modes: twoside asymmetric 
* h-part:(L,W,R)=(72.26999pt, 312.0pt, 230.02501pt)
* v-part:(T,H,B)=(72.26999pt, 616.0pt, 106.7pt)
* \paperwidth=614.295pt
* \paperheight=794.96999pt
* \textwidth=312.0pt
* \textheight=616.0pt
* \oddsidemargin=0.0pt
* \evensidemargin=0.0pt
* \topmargin=-42.0pt
* \headheight=14.0pt
* \headsep=28.0pt
* \topskip=10.0pt
* \footskip=25.29494pt
* \marginparwidth=144.0pt
* \marginparsep=24.0pt
* \columnsep=10.0pt
* \skip\footins=9.0pt plus 4.0pt minus 2.0pt
* \hoffset=0.0pt
* \voffset=0.0pt
* \mag=1000
* \@twocolumnfalse
* \@twosidetrue
* \@mparswitchfalse
* \@reversemarginfalse
* (1in=72.27pt=25.4mm, 1cm=28.453pt)

(/usr/local/texlive/2024/texmf-dist/tex/context/base/mkii/supp-pdf.mkii
[Loading MPS to PDF converter (version 2006.09.02).]
\scratchcounter=\count337
\scratchdimen=\dimen301
\scratchbox=\box141
\nofMPsegments=\count338
\nofMParguments=\count339
\everyMPshowfont=\toks38
\MPscratchCnt=\count340
\MPscratchDim=\dimen302
\MPnumerator=\count341
\makeMPintoPDFobject=\count342
\everyMPtoPDFconversion=\toks39
) (/usr/local/texlive/2024/texmf-dist/tex/latex/epstopdf-pkg/epstopdf-base.sty
Package: epstopdf-base 2020-01-24 v2.11 Base part for package epstopdf
Package epstopdf-base Info: Redefining graphics rule for `.eps' on input line 4
85.

(/usr/local/texlive/2024/texmf-dist/tex/latex/latexconfig/epstopdf-sys.cfg
File: epstopdf-sys.cfg 2010/07/13 v1.3 Configuration of (r)epstopdf for TeX Liv
e
))
\big@size=\dimen303
LaTeX Font Info:    Trying to load font information for T1+phv on input line 12
9.

(/usr/local/texlive/2024/texmf-dist/tex/latex/psnfss/t1phv.fd
File: t1phv.fd 2020/03/25 scalable font definitions for T1/phv.
)
LaTeX Font Info:    Font shape `T1/phv/m/n' will be
(Font)              scaled to size 8.99994pt on input line 129.
LaTeX Font Info:    Font shape `T1/phv/m/n' will be
(Font)              scaled to size 16.19989pt on input line 129.
LaTeX Font Info:    Font shape `T1/phv/m/n' will be
(Font)              scaled to size 32.39978pt on input line 129.
LaTeX Font Info:    Font shape `T1/phv/m/n' will be
(Font)              scaled to size 12.59991pt on input line 129.
 [1



{/usr/local/texlive/2024/texmf-var/fonts/map/pdftex/updmap/pdftex.map}{/usr/loc
al/texlive/2024/texmf-dist/fonts/enc/dvips/base/8r.enc}]
LaTeX Font Info:    Trying to load font information for TS1+pplj on input line 
138.

(/usr/local/texlive/2024/texmf-dist/tex/latex/psnfss/ts1pplj.fd
File: ts1pplj.fd 2004/09/06 font definitions for TS1/pplj.
) [2

]
(./music.toc [3

] [4] [5] [6] [7] [8])
\tf@toc=\write9
\openout9 = `music.toc'.

 [9] [10

] (./music.lof)
\tf@lof=\write10
\openout10 = `music.lof'.

 [11] [12

]
(./music.lot)
\tf@lot=\write11
\openout11 = `music.lot'.

 [13] [14

] [15] [16

] [17

] [18

] (./adams.tex
LaTeX Font Info:    Trying to load font information for OT1+pplx on input line 
6.

(/usr/local/texlive/2024/texmf-dist/tex/latex/psnfss/ot1pplx.fd
File: ot1pplx.fd 2004/09/06 font definitions for OT1/pplx.
)
LaTeX Font Info:    Trying to load font information for OML+zplm on input line 
6.

(/usr/local/texlive/2024/texmf-dist/tex/latex/psnfss/omlzplm.fd
File: omlzplm.fd 2002/09/08 Fontinst v1.914 font definitions for OML/zplm.
)
LaTeX Font Info:    Trying to load font information for OMS+zplm on input line 
6.

(/usr/local/texlive/2024/texmf-dist/tex/latex/psnfss/omszplm.fd
File: omszplm.fd 2002/09/08 Fontinst v1.914 font definitions for OMS/zplm.
)
LaTeX Font Info:    Trying to load font information for OMX+zplm on input line 
6.

(/usr/local/texlive/2024/texmf-dist/tex/latex/psnfss/omxzplm.fd
File: omxzplm.fd 2002/09/08 Fontinst v1.914 font definitions for OMX/zplm.
)
LaTeX Font Info:    Trying to load font information for OT1+zplm on input line 
6.

(/usr/local/texlive/2024/texmf-dist/tex/latex/psnfss/ot1zplm.fd
File: ot1zplm.fd 2002/09/08 Fontinst v1.914 font definitions for OT1/zplm.
)
LaTeX Font Info:    Font shape `U/msa/m/n' will be
(Font)              scaled to size 10.42007pt on input line 6.
LaTeX Font Info:    Font shape `U/msa/m/n' will be
(Font)              scaled to size 7.91925pt on input line 6.
LaTeX Font Info:    Font shape `U/msa/m/n' will be
(Font)              scaled to size 6.25204pt on input line 6.
LaTeX Font Info:    Font shape `U/msb/m/n' will be
(Font)              scaled to size 10.42007pt on input line 6.
LaTeX Font Info:    Font shape `U/msb/m/n' will be
(Font)              scaled to size 7.91925pt on input line 6.
LaTeX Font Info:    Font shape `U/msb/m/n' will be
(Font)              scaled to size 6.25204pt on input line 6.


LaTeX Warning: Marginpar on page 19 moved.


LaTeX Warning: Marginpar on page 19 moved.


LaTeX Warning: Marginpar on page 19 moved.


LaTeX Warning: Marginpar on page 19 moved.


LaTeX Warning: Marginpar on page 19 moved.


LaTeX Warning: Marginpar on page 19 moved.


LaTeX Warning: Marginpar on page 19 moved.


LaTeX Warning: Marginpar on page 19 moved.


LaTeX Warning: Marginpar on page 19 moved.


LaTeX Warning: Marginpar on page 19 moved.


LaTeX Warning: Marginpar on page 19 moved.


LaTeX Warning: Marginpar on page 19 moved.


LaTeX Warning: Marginpar on page 19 moved.


LaTeX Warning: Marginpar on page 19 moved.


LaTeX Warning: Marginpar on page 19 moved.

[19

]

LaTeX Warning: Marginpar on page 20 moved.


LaTeX Warning: Marginpar on page 20 moved.


LaTeX Warning: Marginpar on page 20 moved.


LaTeX Warning: Marginpar on page 20 moved.


LaTeX Warning: Marginpar on page 20 moved.


LaTeX Warning: Marginpar on page 20 moved.


LaTeX Warning: Marginpar on page 20 moved.


LaTeX Warning: Marginpar on page 20 moved.


LaTeX Warning: Marginpar on page 20 moved.


LaTeX Warning: Marginpar on page 20 moved.


LaTeX Warning: Marginpar on page 20 moved.


LaTeX Warning: Marginpar on page 20 moved.

[20]

LaTeX Warning: Marginpar on page 21 moved.


LaTeX Warning: Marginpar on page 21 moved.


LaTeX Warning: Marginpar on page 21 moved.


LaTeX Warning: Marginpar on page 21 moved.


LaTeX Warning: Marginpar on page 21 moved.


LaTeX Warning: Marginpar on page 21 moved.


LaTeX Warning: Marginpar on page 21 moved.


LaTeX Warning: Marginpar on page 21 moved.


LaTeX Warning: Marginpar on page 21 moved.


LaTeX Warning: Marginpar on page 21 moved.


LaTeX Warning: Marginpar on page 21 moved.


LaTeX Warning: Marginpar on page 21 moved.


LaTeX Warning: Marginpar on page 21 moved.


LaTeX Warning: Marginpar on page 21 moved.

[21]) (./barber.tex [22]

LaTeX Warning: Marginpar on page 23 moved.


LaTeX Warning: Marginpar on page 23 moved.


LaTeX Warning: Marginpar on page 23 moved.


LaTeX Warning: Marginpar on page 23 moved.


LaTeX Warning: Marginpar on page 23 moved.


LaTeX Warning: Marginpar on page 23 moved.


LaTeX Warning: Marginpar on page 23 moved.


LaTeX Warning: Marginpar on page 23 moved.


LaTeX Warning: Marginpar on page 23 moved.


LaTeX Warning: Marginpar on page 23 moved.


LaTeX Warning: Marginpar on page 23 moved.


LaTeX Warning: Marginpar on page 23 moved.

[23

]

LaTeX Warning: Marginpar on page 24 moved.


LaTeX Warning: Marginpar on page 24 moved.


LaTeX Warning: Marginpar on page 24 moved.


LaTeX Warning: Marginpar on page 24 moved.


LaTeX Warning: Marginpar on page 24 moved.


LaTeX Warning: Marginpar on page 24 moved.


LaTeX Warning: Marginpar on page 24 moved.


LaTeX Warning: Marginpar on page 24 moved.


LaTeX Warning: Marginpar on page 24 moved.


LaTeX Warning: Marginpar on page 24 moved.

[24]

LaTeX Warning: Marginpar on page 25 moved.

) (./bartok.tex [25] [26

]

LaTeX Warning: Marginpar on page 27 moved.


LaTeX Warning: Marginpar on page 27 moved.


LaTeX Warning: Marginpar on page 27 moved.


LaTeX Warning: Marginpar on page 27 moved.


LaTeX Warning: Marginpar on page 27 moved.

[27]

LaTeX Warning: Marginpar on page 28 moved.


Overfull \hbox (1.6999pt too wide) in paragraph at lines 54--55
\T1/pplj/m/n/10 Piano Con-certo no. 1 (1926), BB 91 \T1/pplj/m/it/10 Pierre-Lau
rent Aimard, San Francesco 
 []


LaTeX Warning: Marginpar on page 28 moved.


LaTeX Warning: Marginpar on page 28 moved.


LaTeX Warning: Marginpar on page 28 moved.


LaTeX Warning: Marginpar on page 28 moved.


LaTeX Warning: Marginpar on page 28 moved.


LaTeX Warning: Marginpar on page 28 moved.


LaTeX Warning: Marginpar on page 28 moved.


Overfull \hbox (6.6999pt too wide) in paragraph at lines 78--79
\T1/pplj/m/n/10 Piano Con-certo no. 3 (1945), BB 127 \T1/pplj/m/it/10 Pierre-La
urent Aimard, San Francesco 
 []


LaTeX Warning: Marginpar on page 28 moved.


LaTeX Warning: Marginpar on page 28 moved.


LaTeX Warning: Marginpar on page 28 moved.


LaTeX Warning: Marginpar on page 28 moved.


LaTeX Warning: Marginpar on page 28 moved.


LaTeX Warning: Marginpar on page 28 moved.


LaTeX Warning: Marginpar on page 28 moved.

) (./beethoven.tex [28]

LaTeX Warning: Marginpar on page 29 moved.


LaTeX Warning: Marginpar on page 29 moved.


LaTeX Warning: Marginpar on page 29 moved.


LaTeX Warning: Marginpar on page 29 moved.


LaTeX Warning: Marginpar on page 29 moved.


LaTeX Warning: Marginpar on page 29 moved.


LaTeX Warning: Marginpar on page 29 moved.


LaTeX Warning: Marginpar on page 29 moved.


Overfull \hbox (3.85994pt too wide) in paragraph at lines 24--24
\T1/pplj/m/n/10 Op. 56 \T1/pplj/m/it/10 Is-abelle Faust, Jean-Guihen Queyras, A
lexan-der Mel-nikov, Freiburger 
 []


LaTeX Warning: Marginpar on page 29 moved.


LaTeX Warning: Marginpar on page 29 moved.

[29

]

LaTeX Warning: Marginpar on page 30 moved.


LaTeX Warning: Marginpar on page 30 moved.


LaTeX Warning: Marginpar on page 30 moved.


LaTeX Warning: Marginpar on page 30 moved.


LaTeX Warning: Marginpar on page 30 moved.


LaTeX Warning: Marginpar on page 30 moved.


LaTeX Warning: Marginpar on page 30 moved.


LaTeX Warning: Marginpar on page 30 moved.


LaTeX Warning: Marginpar on page 30 moved.


LaTeX Warning: Marginpar on page 30 moved.


LaTeX Warning: Marginpar on page 30 moved.


LaTeX Warning: Marginpar on page 30 moved.


Overfull \hbox (4.59978pt too wide) in paragraph at lines 41--41
\T1/pplj/m/n/10 "The Ru-ins of Athens" (Die Ru-inen von Athen) in G ma-jor (181
1^^U1812), 
 []


LaTeX Warning: Marginpar on page 30 moved.


LaTeX Warning: Marginpar on page 30 moved.


LaTeX Warning: Marginpar on page 30 moved.


Underfull \vbox (badness 10000) has occurred while \output is active []

 [30]
Overfull \hbox (1.56984pt too wide) in paragraph at lines 67--67
\T1/pplj/m/n/10 Quintet for oboe, 3 horns, and bas-soon in E$\OML/zplm/m/it/10 
[$ \T1/pplj/m/n/10 ma-jor (frag-ment) (1793?), 
 []


LaTeX Warning: Marginpar on page 31 moved.


LaTeX Warning: Marginpar on page 31 moved.


LaTeX Warning: Marginpar on page 31 moved.


Underfull \vbox (badness 10000) has occurred while \output is active []

 [31]

LaTeX Warning: Marginpar on page 32 moved.


LaTeX Warning: Marginpar on page 32 moved.


LaTeX Warning: Marginpar on page 32 moved.


LaTeX Warning: Marginpar on page 32 moved.


LaTeX Warning: Marginpar on page 32 moved.


LaTeX Warning: Marginpar on page 32 moved.


LaTeX Warning: Marginpar on page 32 moved.


LaTeX Warning: Marginpar on page 32 moved.


LaTeX Warning: Marginpar on page 32 moved.


LaTeX Warning: Marginpar on page 32 moved.


LaTeX Warning: Marginpar on page 32 moved.


LaTeX Warning: Marginpar on page 32 moved.


LaTeX Warning: Marginpar on page 32 moved.


LaTeX Warning: Marginpar on page 32 moved.


LaTeX Warning: Marginpar on page 32 moved.


LaTeX Warning: Marginpar on page 32 moved.


LaTeX Warning: Marginpar on page 32 moved.


Underfull \vbox (badness 10000) has occurred while \output is active []

 [32]

LaTeX Warning: Marginpar on page 33 moved.


LaTeX Warning: Marginpar on page 33 moved.


LaTeX Warning: Marginpar on page 33 moved.


LaTeX Warning: Marginpar on page 33 moved.


LaTeX Warning: Marginpar on page 33 moved.


LaTeX Warning: Marginpar on page 33 moved.


LaTeX Warning: Marginpar on page 33 moved.


LaTeX Warning: Marginpar on page 33 moved.


LaTeX Warning: Marginpar on page 33 moved.


LaTeX Warning: Marginpar on page 33 moved.


LaTeX Warning: Marginpar on page 33 moved.


LaTeX Warning: Marginpar on page 33 moved.


Underfull \vbox (badness 10000) has occurred while \output is active []

 [33]

LaTeX Warning: Marginpar on page 34 moved.


LaTeX Warning: Marginpar on page 34 moved.


LaTeX Warning: Marginpar on page 34 moved.


LaTeX Warning: Marginpar on page 34 moved.

) (./berg.tex [34]

LaTeX Warning: Marginpar on page 35 moved.


LaTeX Warning: Marginpar on page 35 moved.


LaTeX Warning: Marginpar on page 35 moved.

) (./berlioz.tex [35

] [36

]

LaTeX Warning: Marginpar on page 37 moved.


LaTeX Warning: Marginpar on page 37 moved.


LaTeX Warning: Marginpar on page 37 moved.


LaTeX Warning: Marginpar on page 37 moved.


LaTeX Warning: Marginpar on page 37 moved.


LaTeX Warning: Marginpar on page 37 moved.


LaTeX Warning: Marginpar on page 37 moved.


LaTeX Warning: Marginpar on page 37 moved.


LaTeX Warning: Marginpar on page 37 moved.


LaTeX Warning: Marginpar on page 37 moved.


LaTeX Warning: Marginpar on page 37 moved.


LaTeX Warning: Marginpar on page 37 moved.


LaTeX Warning: Marginpar on page 37 moved.


LaTeX Warning: Marginpar on page 37 moved.


LaTeX Warning: Marginpar on page 37 moved.

) (./blacher.tex [37] [38

]
Overfull \hbox (13.94984pt too wide) in paragraph at lines 26--26
\T1/pplj/m/n/10 Concertante Musik, Op. 10 for or-ches-tra (1937) \T1/pplj/m/it/
10 Rundfunk-Sinfonieorchester 
 []


LaTeX Warning: Marginpar on page 39 moved.


LaTeX Warning: Marginpar on page 39 moved.

[39]

LaTeX Warning: Marginpar on page 40 moved.


LaTeX Warning: Marginpar on page 40 moved.


LaTeX Warning: Marginpar on page 40 moved.


Underfull \vbox (badness 10000) has occurred while \output is active []

 [40]
Overfull \hbox (1.42987pt too wide) in paragraph at lines 76--76
\T1/pplj/m/n/10 Abstrakte Oper Nr. 1, Op. 43, ex-per-i-men-tal opera in one act
 (1953/57)  
 []

) (./bliss.tex [41] [42

]

LaTeX Warning: Marginpar on page 43 moved.


LaTeX Warning: Marginpar on page 43 moved.


LaTeX Warning: Marginpar on page 43 moved.


LaTeX Warning: Marginpar on page 43 moved.


LaTeX Warning: Marginpar on page 43 moved.

[43]

LaTeX Warning: Marginpar on page 44 moved.


LaTeX Warning: Marginpar on page 44 moved.

[44]) (./bloch.tex [45] [46

]) (./brahms.tex [47] [48

]

LaTeX Warning: Marginpar on page 49 moved.


LaTeX Warning: Marginpar on page 49 moved.


LaTeX Warning: Marginpar on page 49 moved.


LaTeX Warning: Marginpar on page 49 moved.


LaTeX Warning: Marginpar on page 49 moved.


LaTeX Warning: Marginpar on page 49 moved.


LaTeX Warning: Marginpar on page 49 moved.


LaTeX Warning: Marginpar on page 49 moved.


Underfull \vbox (badness 4328) has occurred while \output is active []

 [49]

LaTeX Warning: Marginpar on page 50 moved.


LaTeX Warning: Marginpar on page 50 moved.


LaTeX Warning: Marginpar on page 50 moved.

) (./britten.tex [50]

LaTeX Warning: Marginpar on page 51 moved.


LaTeX Warning: Marginpar on page 51 moved.


LaTeX Warning: Marginpar on page 51 moved.

[51

]

LaTeX Warning: Marginpar on page 52 moved.


LaTeX Warning: Marginpar on page 52 moved.

[52]) (./bruch.tex [53] [54

]

LaTeX Warning: Marginpar on page 55 moved.

) (./bruckner.tex [55] [56

]

LaTeX Warning: Marginpar on page 57 moved.


LaTeX Warning: Marginpar on page 57 moved.


LaTeX Warning: Marginpar on page 57 moved.


LaTeX Warning: Marginpar on page 57 moved.


LaTeX Warning: Marginpar on page 57 moved.


LaTeX Warning: Marginpar on page 57 moved.


LaTeX Warning: Marginpar on page 57 moved.


LaTeX Warning: Marginpar on page 57 moved.


LaTeX Warning: Marginpar on page 57 moved.


LaTeX Warning: Marginpar on page 57 moved.


LaTeX Warning: Marginpar on page 57 moved.

[57]

LaTeX Warning: Marginpar on page 58 moved.


LaTeX Warning: Marginpar on page 58 moved.


LaTeX Warning: Marginpar on page 58 moved.


LaTeX Warning: Marginpar on page 58 moved.


LaTeX Warning: Marginpar on page 58 moved.


LaTeX Warning: Marginpar on page 58 moved.


LaTeX Warning: Marginpar on page 58 moved.


LaTeX Warning: Marginpar on page 58 moved.

) (./busoni.tex [58]

LaTeX Warning: Marginpar on page 59 moved.


LaTeX Warning: Marginpar on page 59 moved.


LaTeX Warning: Marginpar on page 59 moved.


LaTeX Warning: Marginpar on page 59 moved.


LaTeX Warning: Marginpar on page 59 moved.


LaTeX Warning: Marginpar on page 59 moved.


LaTeX Warning: Marginpar on page 59 moved.


LaTeX Warning: Marginpar on page 59 moved.


LaTeX Warning: Marginpar on page 59 moved.


LaTeX Warning: Marginpar on page 59 moved.


LaTeX Warning: Marginpar on page 59 moved.


LaTeX Warning: Marginpar on page 59 moved.


LaTeX Warning: Marginpar on page 59 moved.


LaTeX Warning: Marginpar on page 59 moved.

[59

]

LaTeX Warning: Marginpar on page 60 moved.


LaTeX Warning: Marginpar on page 60 moved.


LaTeX Warning: Marginpar on page 60 moved.


LaTeX Warning: Marginpar on page 60 moved.


LaTeX Warning: Marginpar on page 60 moved.


LaTeX Warning: Marginpar on page 60 moved.


LaTeX Warning: Marginpar on page 60 moved.


LaTeX Warning: Marginpar on page 60 moved.


LaTeX Warning: Marginpar on page 60 moved.


LaTeX Warning: Marginpar on page 60 moved.


LaTeX Warning: Marginpar on page 60 moved.


LaTeX Warning: Marginpar on page 60 moved.


LaTeX Warning: Marginpar on page 60 moved.


LaTeX Warning: Marginpar on page 60 moved.


LaTeX Warning: Marginpar on page 60 moved.


LaTeX Warning: Marginpar on page 60 moved.


LaTeX Warning: Marginpar on page 60 moved.


LaTeX Warning: Marginpar on page 60 moved.


LaTeX Warning: Marginpar on page 60 moved.


LaTeX Warning: Marginpar on page 60 moved.


LaTeX Warning: Marginpar on page 60 moved.

[60]

LaTeX Warning: Marginpar on page 61 moved.


LaTeX Warning: Marginpar on page 61 moved.


LaTeX Warning: Marginpar on page 61 moved.


LaTeX Warning: Marginpar on page 61 moved.

) (./debussy.tex

LaTeX Warning: Marginpar on page 61 moved.

[61] [62

]) (./dohnanyi.tex

LaTeX Warning: Marginpar on page 63 moved.

[63] [64

]

LaTeX Warning: Marginpar on page 65 moved.


LaTeX Warning: Marginpar on page 65 moved.


LaTeX Warning: Marginpar on page 65 moved.


LaTeX Warning: Marginpar on page 65 moved.


LaTeX Warning: Marginpar on page 65 moved.


LaTeX Warning: Marginpar on page 65 moved.

[65]

LaTeX Warning: Marginpar on page 66 moved.


LaTeX Warning: Marginpar on page 66 moved.


LaTeX Warning: Marginpar on page 66 moved.


LaTeX Warning: Marginpar on page 66 moved.


LaTeX Warning: Marginpar on page 66 moved.


LaTeX Warning: Marginpar on page 66 moved.


LaTeX Warning: Marginpar on page 66 moved.


LaTeX Warning: Marginpar on page 66 moved.


LaTeX Warning: Marginpar on page 66 moved.


LaTeX Warning: Marginpar on page 66 moved.


LaTeX Warning: Marginpar on page 66 moved.


LaTeX Warning: Marginpar on page 66 moved.


LaTeX Warning: Marginpar on page 66 moved.


LaTeX Warning: Marginpar on page 66 moved.


LaTeX Warning: Marginpar on page 66 moved.


LaTeX Warning: Marginpar on page 66 moved.


LaTeX Warning: Marginpar on page 66 moved.

[66]

LaTeX Warning: Marginpar on page 67 moved.


LaTeX Warning: Marginpar on page 67 moved.


LaTeX Warning: Marginpar on page 67 moved.


LaTeX Warning: Marginpar on page 67 moved.


LaTeX Warning: Marginpar on page 67 moved.


LaTeX Warning: Marginpar on page 67 moved.


LaTeX Warning: Marginpar on page 67 moved.


LaTeX Warning: Marginpar on page 67 moved.


LaTeX Warning: Marginpar on page 67 moved.


LaTeX Warning: Marginpar on page 67 moved.


LaTeX Warning: Marginpar on page 67 moved.


LaTeX Warning: Marginpar on page 67 moved.


LaTeX Warning: Marginpar on page 67 moved.


LaTeX Warning: Marginpar on page 67 moved.


LaTeX Warning: Marginpar on page 67 moved.


LaTeX Warning: Marginpar on page 67 moved.


LaTeX Warning: Marginpar on page 67 moved.


LaTeX Warning: Marginpar on page 67 moved.


LaTeX Warning: Marginpar on page 67 moved.


LaTeX Warning: Marginpar on page 67 moved.


LaTeX Warning: Marginpar on page 67 moved.


LaTeX Warning: Marginpar on page 67 moved.

) (./enescu.tex

LaTeX Warning: Marginpar on page 67 moved.

[67] [68

]

LaTeX Warning: Marginpar on page 69 moved.


LaTeX Warning: Marginpar on page 69 moved.


LaTeX Warning: Marginpar on page 69 moved.

) (./faure.tex

LaTeX Warning: Marginpar on page 69 moved.

[69] [70

]

LaTeX Warning: Marginpar on page 71 moved.

) (./ferguson.tex [71] [72

]) (./gorecki.tex

LaTeX Warning: Marginpar on page 73 moved.

[73] [74

]

LaTeX Warning: Marginpar on page 75 moved.

) (./hindemith.tex [75] [76

]

LaTeX Warning: Marginpar on page 77 moved.

[77]

LaTeX Warning: Marginpar on page 78 moved.


LaTeX Warning: Marginpar on page 78 moved.


Overfull \hbox (0.67981pt too wide) in paragraph at lines 34--34
\T1/pplj/m/n/10 The Four Tem-per-a-ments (scored for pi-ano and strings) (1940)
 \T1/pplj/m/it/10 Emanuel 
 []


LaTeX Warning: Marginpar on page 78 moved.


LaTeX Warning: Marginpar on page 78 moved.


LaTeX Warning: Marginpar on page 78 moved.


LaTeX Warning: Marginpar on page 78 moved.


LaTeX Warning: Marginpar on page 78 moved.


LaTeX Warning: Marginpar on page 78 moved.


LaTeX Warning: Marginpar on page 78 moved.


LaTeX Warning: Marginpar on page 78 moved.


LaTeX Warning: Marginpar on page 78 moved.


LaTeX Warning: Marginpar on page 78 moved.


LaTeX Warning: Marginpar on page 78 moved.


LaTeX Warning: Marginpar on page 78 moved.


LaTeX Warning: Marginpar on page 78 moved.


LaTeX Warning: Marginpar on page 78 moved.


LaTeX Warning: Marginpar on page 78 moved.


LaTeX Warning: Marginpar on page 78 moved.


LaTeX Warning: Marginpar on page 78 moved.

[78]

LaTeX Warning: Marginpar on page 79 moved.


LaTeX Warning: Marginpar on page 79 moved.


Overfull \hbox (5.43993pt too wide) in paragraph at lines 64--64
\T1/pplj/m/it/10 Kro-n-berg Academy Soloists, Schleswig-Holstein Fes-ti-val Or-
ches-tra, Christoph 
 []


LaTeX Warning: Marginpar on page 79 moved.


Overfull \hbox (5.43993pt too wide) in paragraph at lines 65--65
\T1/pplj/m/it/10 Kro-n-berg Academy Soloists, Schleswig-Holstein Fes-ti-val Or-
ches-tra, Christoph 
 []


LaTeX Warning: Marginpar on page 79 moved.


LaTeX Warning: Marginpar on page 79 moved.


LaTeX Warning: Marginpar on page 79 moved.


LaTeX Warning: Marginpar on page 79 moved.


Overfull \hbox (5.43993pt too wide) in paragraph at lines 69--69
\T1/pplj/m/it/10 Kro-n-berg Academy Soloists, Schleswig-Holstein Fes-ti-val Or-
ches-tra, Christoph 
 []


LaTeX Warning: Marginpar on page 79 moved.


LaTeX Warning: Marginpar on page 79 moved.


LaTeX Warning: Marginpar on page 79 moved.


LaTeX Warning: Marginpar on page 79 moved.

[79]
Underfull \vbox (badness 10000) has occurred while \output is active []

 [80]
Overfull \hbox (17.23976pt too wide) in paragraph at lines 117--117
\T1/pplj/m/n/10 Ouvertüre zum "Fliegen-den Hol-län-der", wie sie eine schlechte
 Kurkapelle 
 []

[81] [82]) (./holloway.tex [83] [84

]
Overfull \hbox (3.97987pt too wide) in paragraph at lines 11--11
\T1/pplj/m/n/10 In Chymick Art, can-tata for so-prano, bari-tone, and 9 play-er
s (1965^^U66), 
 []

[85]

LaTeX Warning: Marginpar on page 86 moved.


Underfull \vbox (badness 10000) has occurred while \output is active []

 [86]
Underfull \vbox (badness 10000) has occurred while \output is active []

 [87]
Underfull \vbox (badness 10000) has occurred while \output is active []

 [88])
(./kalabis.tex [89] [90

]

LaTeX Warning: Marginpar on page 91 moved.

) (./krasa.tex [91] [92

]

LaTeX Warning: Marginpar on page 93 moved.

) (./martinu.tex [93] [94

]

LaTeX Warning: Marginpar on page 95 moved.


LaTeX Warning: Marginpar on page 95 moved.


LaTeX Warning: Marginpar on page 95 moved.

[95]

LaTeX Warning: Marginpar on page 96 moved.


LaTeX Warning: Marginpar on page 96 moved.


LaTeX Warning: Marginpar on page 96 moved.


LaTeX Warning: Marginpar on page 96 moved.


LaTeX Warning: Marginpar on page 96 moved.


LaTeX Warning: Marginpar on page 96 moved.


LaTeX Warning: Marginpar on page 96 moved.


LaTeX Warning: Marginpar on page 96 moved.


LaTeX Warning: Marginpar on page 96 moved.


LaTeX Warning: Marginpar on page 96 moved.


LaTeX Warning: Marginpar on page 96 moved.


Underfull \vbox (badness 10000) has occurred while \output is active []

 [96]

LaTeX Warning: Marginpar on page 97 moved.


LaTeX Warning: Marginpar on page 97 moved.


LaTeX Warning: Marginpar on page 97 moved.


LaTeX Warning: Marginpar on page 97 moved.


LaTeX Warning: Marginpar on page 97 moved.


LaTeX Warning: Marginpar on page 97 moved.


LaTeX Warning: Marginpar on page 97 moved.


LaTeX Warning: Marginpar on page 97 moved.

) (./monteverdi.tex [97] [98

]

LaTeX Warning: Marginpar on page 99 moved.

) (./mozart.tex [99] [100

]

LaTeX Warning: Marginpar on page 101 moved.

[101]

LaTeX Warning: Marginpar on page 102 moved.


LaTeX Warning: Marginpar on page 102 moved.


LaTeX Warning: Marginpar on page 102 moved.


LaTeX Warning: Marginpar on page 102 moved.


LaTeX Warning: Marginpar on page 102 moved.

[102]

LaTeX Warning: Marginpar on page 103 moved.


LaTeX Warning: Marginpar on page 103 moved.


LaTeX Warning: Marginpar on page 103 moved.


LaTeX Warning: Marginpar on page 103 moved.


LaTeX Warning: Marginpar on page 103 moved.


LaTeX Warning: Marginpar on page 103 moved.


LaTeX Warning: Marginpar on page 103 moved.


LaTeX Warning: Marginpar on page 103 moved.


LaTeX Warning: Marginpar on page 103 moved.


LaTeX Warning: Marginpar on page 103 moved.


LaTeX Warning: Marginpar on page 103 moved.


LaTeX Warning: Marginpar on page 103 moved.


LaTeX Warning: Marginpar on page 103 moved.

[103]

LaTeX Warning: Marginpar on page 104 moved.


LaTeX Warning: Marginpar on page 104 moved.


LaTeX Warning: Marginpar on page 104 moved.


Overfull \hbox (4.70993pt too wide) in paragraph at lines 145--145
\T1/pplj/m/n/10 March in D ma-jor, K. 237 \T1/pplj/m/it/10 Mozar-teu-morch-este
r Salzburg, Roberto González- 
 []


LaTeX Warning: Marginpar on page 104 moved.

) (./part.tex [104]

LaTeX Warning: Marginpar on page 105 moved.

) (./poulenc.tex [105

] [106

]) (./prokofiev.tex

LaTeX Warning: Marginpar on page 107 moved.

[107] [108

]

LaTeX Warning: Marginpar on page 109 moved.


LaTeX Warning: Marginpar on page 109 moved.


LaTeX Warning: Marginpar on page 109 moved.


LaTeX Warning: Marginpar on page 109 moved.


LaTeX Warning: Marginpar on page 109 moved.


LaTeX Warning: Marginpar on page 109 moved.


LaTeX Warning: Marginpar on page 109 moved.


LaTeX Warning: Marginpar on page 109 moved.


LaTeX Warning: Marginpar on page 109 moved.


LaTeX Warning: Marginpar on page 109 moved.


LaTeX Warning: Marginpar on page 109 moved.

[109]

LaTeX Warning: Marginpar on page 110 moved.


LaTeX Warning: Marginpar on page 110 moved.


LaTeX Warning: Marginpar on page 110 moved.


LaTeX Warning: Marginpar on page 110 moved.


LaTeX Warning: Marginpar on page 110 moved.


LaTeX Warning: Marginpar on page 110 moved.


LaTeX Warning: Marginpar on page 110 moved.


LaTeX Warning: Marginpar on page 110 moved.


LaTeX Warning: Marginpar on page 110 moved.


LaTeX Warning: Marginpar on page 110 moved.


LaTeX Warning: Marginpar on page 110 moved.


LaTeX Warning: Marginpar on page 110 moved.


LaTeX Warning: Marginpar on page 110 moved.


LaTeX Warning: Marginpar on page 110 moved.


Underfull \vbox (badness 10000) has occurred while \output is active []

 [110]

LaTeX Warning: Marginpar on page 111 moved.


LaTeX Warning: Marginpar on page 111 moved.


LaTeX Warning: Marginpar on page 111 moved.


LaTeX Warning: Marginpar on page 111 moved.


LaTeX Warning: Marginpar on page 111 moved.


LaTeX Warning: Marginpar on page 111 moved.


LaTeX Warning: Marginpar on page 111 moved.


Underfull \vbox (badness 10000) has occurred while \output is active []

 [111]

LaTeX Warning: Marginpar on page 112 moved.


LaTeX Warning: Marginpar on page 112 moved.


LaTeX Warning: Marginpar on page 112 moved.


LaTeX Warning: Marginpar on page 112 moved.


LaTeX Warning: Marginpar on page 112 moved.

) (./rachmaninov.tex [112]

LaTeX Warning: Marginpar on page 113 moved.


LaTeX Warning: Marginpar on page 113 moved.


LaTeX Warning: Marginpar on page 113 moved.


LaTeX Warning: Marginpar on page 113 moved.


LaTeX Warning: Marginpar on page 113 moved.


LaTeX Warning: Marginpar on page 113 moved.


LaTeX Warning: Marginpar on page 113 moved.


LaTeX Warning: Marginpar on page 113 moved.


LaTeX Warning: Marginpar on page 113 moved.


LaTeX Warning: Marginpar on page 113 moved.


LaTeX Warning: Marginpar on page 113 moved.

[113

]

LaTeX Warning: Marginpar on page 114 moved.


LaTeX Warning: Marginpar on page 114 moved.


LaTeX Warning: Marginpar on page 114 moved.

) (./reger.tex [114]

LaTeX Warning: Marginpar on page 115 moved.


LaTeX Warning: Marginpar on page 115 moved.


LaTeX Warning: Marginpar on page 115 moved.


LaTeX Warning: Marginpar on page 115 moved.


LaTeX Warning: Marginpar on page 115 moved.


LaTeX Warning: Marginpar on page 115 moved.


LaTeX Warning: Marginpar on page 115 moved.


LaTeX Warning: Marginpar on page 115 moved.

[115

]
Underfull \vbox (badness 10000) has occurred while \output is active []

 [116]

LaTeX Warning: Marginpar on page 117 moved.

[117]

LaTeX Warning: Marginpar on page 118 moved.


LaTeX Warning: Marginpar on page 118 moved.

) (./roussel.tex [118]

LaTeX Warning: Marginpar on page 119 moved.


LaTeX Warning: Marginpar on page 119 moved.


LaTeX Warning: Marginpar on page 119 moved.


LaTeX Warning: Marginpar on page 119 moved.


LaTeX Warning: Marginpar on page 119 moved.


LaTeX Warning: Marginpar on page 119 moved.


LaTeX Warning: Marginpar on page 119 moved.

[119

]

LaTeX Warning: Marginpar on page 120 moved.


LaTeX Warning: Marginpar on page 120 moved.


LaTeX Warning: Marginpar on page 120 moved.


LaTeX Warning: Marginpar on page 120 moved.


LaTeX Warning: Marginpar on page 120 moved.


LaTeX Warning: Marginpar on page 120 moved.


LaTeX Warning: Marginpar on page 120 moved.


LaTeX Warning: Marginpar on page 120 moved.


LaTeX Warning: Marginpar on page 120 moved.


LaTeX Warning: Marginpar on page 120 moved.

[120]) (./saintsaens.tex [121] [122

]

LaTeX Warning: Marginpar on page 123 moved.


LaTeX Warning: Marginpar on page 123 moved.


Overfull \hbox (4.9199pt too wide) in paragraph at lines 20--20
\T1/pplj/m/n/10 Piano Con-certo No. 1 in D ma-jor (1858), Op. 17, R. 185 \T1/pp
lj/m/it/10 Gabriel Tacchino, 
 []


LaTeX Warning: Marginpar on page 123 moved.


LaTeX Warning: Marginpar on page 123 moved.


LaTeX Warning: Marginpar on page 123 moved.


LaTeX Warning: Marginpar on page 123 moved.

[123]

LaTeX Warning: Marginpar on page 124 moved.


LaTeX Warning: Marginpar on page 124 moved.


LaTeX Warning: Marginpar on page 124 moved.


LaTeX Warning: Marginpar on page 124 moved.


LaTeX Warning: Marginpar on page 124 moved.


LaTeX Warning: Marginpar on page 124 moved.


LaTeX Warning: Marginpar on page 124 moved.


LaTeX Warning: Marginpar on page 124 moved.


LaTeX Warning: Marginpar on page 124 moved.


LaTeX Warning: Marginpar on page 124 moved.


Underfull \vbox (badness 10000) has occurred while \output is active []

 [124]

LaTeX Warning: Marginpar on page 125 moved.


LaTeX Warning: Marginpar on page 125 moved.

) (./schoenberg.tex [125] [126

]) (./schmidt.tex

LaTeX Warning: Marginpar on page 127 moved.

[127] [128

]

LaTeX Warning: Marginpar on page 129 moved.


LaTeX Warning: Marginpar on page 129 moved.


LaTeX Warning: Marginpar on page 129 moved.


LaTeX Warning: Marginpar on page 129 moved.

) (./schmitt.tex [129] [130

]

LaTeX Warning: Marginpar on page 131 moved.

) (./schreker.tex

LaTeX Warning: Marginpar on page 131 moved.

[131] [132

]

LaTeX Warning: Marginpar on page 133 moved.


LaTeX Warning: Marginpar on page 133 moved.

[133]) (./schubert.tex [134]

LaTeX Warning: Marginpar on page 135 moved.


LaTeX Warning: Marginpar on page 135 moved.

) (./schumann.tex [135

] [136

]

LaTeX Warning: Marginpar on page 137 moved.


LaTeX Warning: Marginpar on page 137 moved.


LaTeX Warning: Marginpar on page 137 moved.


LaTeX Warning: Marginpar on page 137 moved.


LaTeX Warning: Marginpar on page 137 moved.


LaTeX Warning: Marginpar on page 137 moved.


LaTeX Warning: Marginpar on page 137 moved.


LaTeX Warning: Marginpar on page 137 moved.


LaTeX Warning: Marginpar on page 137 moved.


LaTeX Warning: Marginpar on page 137 moved.


LaTeX Warning: Marginpar on page 137 moved.


LaTeX Warning: Marginpar on page 137 moved.


LaTeX Warning: Marginpar on page 137 moved.

[137]

LaTeX Warning: Marginpar on page 138 moved.

) (./shostakovich.tex [138]

LaTeX Warning: Marginpar on page 139 moved.


LaTeX Warning: Marginpar on page 139 moved.


LaTeX Warning: Marginpar on page 139 moved.


LaTeX Warning: Marginpar on page 139 moved.


LaTeX Warning: Marginpar on page 139 moved.


Overfull \hbox (4.70972pt too wide) in paragraph at lines 25--25
\T1/pplj/m/n/10 Music to the stage re-vue Hy-po-thet-i-cally Mur-dered by Vasil
i Voyevodin 
 []


LaTeX Warning: Marginpar on page 139 moved.

[139

]

LaTeX Warning: Marginpar on page 140 moved.


LaTeX Warning: Marginpar on page 140 moved.


LaTeX Warning: Marginpar on page 140 moved.


LaTeX Warning: Marginpar on page 140 moved.


LaTeX Warning: Marginpar on page 140 moved.


LaTeX Warning: Marginpar on page 140 moved.


LaTeX Warning: Marginpar on page 140 moved.


LaTeX Warning: Marginpar on page 140 moved.


Underfull \vbox (badness 10000) has occurred while \output is active []

 [140]

LaTeX Warning: Marginpar on page 141 moved.


Overfull \hbox (19.64975pt too wide) in paragraph at lines 59--59
\T1/pplj/m/n/10 Suite from The Gad-fly, for or-ches-tra (1955, ar-ranged by Lev
on Atovmyan), 
 []


LaTeX Warning: Marginpar on page 141 moved.


LaTeX Warning: Marginpar on page 141 moved.


LaTeX Warning: Marginpar on page 141 moved.


LaTeX Warning: Marginpar on page 141 moved.


LaTeX Warning: Marginpar on page 141 moved.


LaTeX Warning: Marginpar on page 141 moved.


Overfull \hbox (3.83978pt too wide) in paragraph at lines 72--72
\T1/pplj/m/n/10 Suite from Ham-let, for or-ches-tra (1964, ar-ranged by Levon A
tovmyan), 
 []


LaTeX Warning: Marginpar on page 141 moved.


LaTeX Warning: Marginpar on page 141 moved.


LaTeX Warning: Marginpar on page 141 moved.


LaTeX Warning: Marginpar on page 141 moved.

) (./sibelius.tex [141] [142

]

LaTeX Warning: Marginpar on page 143 moved.


LaTeX Warning: Marginpar on page 143 moved.


LaTeX Warning: Marginpar on page 143 moved.


LaTeX Warning: Marginpar on page 143 moved.


LaTeX Warning: Marginpar on page 143 moved.


LaTeX Warning: Marginpar on page 143 moved.


LaTeX Warning: Marginpar on page 143 moved.


LaTeX Warning: Marginpar on page 143 moved.


LaTeX Warning: Marginpar on page 143 moved.


LaTeX Warning: Marginpar on page 143 moved.


LaTeX Warning: Marginpar on page 143 moved.


LaTeX Warning: Marginpar on page 143 moved.

[143]

LaTeX Warning: Marginpar on page 144 moved.


LaTeX Warning: Marginpar on page 144 moved.


LaTeX Warning: Marginpar on page 144 moved.


LaTeX Warning: Marginpar on page 144 moved.


LaTeX Warning: Marginpar on page 144 moved.


LaTeX Warning: Marginpar on page 144 moved.


LaTeX Warning: Marginpar on page 144 moved.


LaTeX Warning: Marginpar on page 144 moved.


LaTeX Warning: Marginpar on page 144 moved.


LaTeX Warning: Marginpar on page 144 moved.


LaTeX Warning: Marginpar on page 144 moved.

) (./smetana.tex [144]

LaTeX Warning: Marginpar on page 145 moved.

) (./stravinsky.tex [145

] [146

]

LaTeX Warning: Marginpar on page 147 moved.


LaTeX Warning: Marginpar on page 147 moved.


LaTeX Warning: Marginpar on page 147 moved.

[147]

LaTeX Warning: Marginpar on page 148 moved.


LaTeX Warning: Marginpar on page 148 moved.


LaTeX Warning: Marginpar on page 148 moved.


LaTeX Warning: Marginpar on page 148 moved.


LaTeX Warning: Marginpar on page 148 moved.


LaTeX Warning: Marginpar on page 148 moved.


LaTeX Warning: Marginpar on page 148 moved.


LaTeX Warning: Marginpar on page 148 moved.

[148]

LaTeX Warning: Marginpar on page 149 moved.


Underfull \vbox (badness 4940) has occurred while \output is active []

 [149])
(./vaughanwilliams.tex [150]

LaTeX Warning: Marginpar on page 151 moved.

[151

]

LaTeX Warning: Marginpar on page 152 moved.


LaTeX Warning: Marginpar on page 152 moved.


LaTeX Warning: Marginpar on page 152 moved.


LaTeX Warning: Marginpar on page 152 moved.


LaTeX Warning: Marginpar on page 152 moved.


LaTeX Warning: Marginpar on page 152 moved.


LaTeX Warning: Marginpar on page 152 moved.


Underfull \vbox (badness 10000) has occurred while \output is active []

 [152]

LaTeX Warning: Marginpar on page 153 moved.


LaTeX Warning: Marginpar on page 153 moved.

) (./weill.tex [153] [154

]

LaTeX Warning: Marginpar on page 155 moved.


LaTeX Warning: Marginpar on page 155 moved.


LaTeX Warning: Marginpar on page 155 moved.

) (./zemlinsky.tex [155] [156

]

LaTeX Warning: Marginpar on page 157 moved.


LaTeX Warning: Marginpar on page 157 moved.


LaTeX Warning: Marginpar on page 157 moved.

[157]

LaTeX Warning: Marginpar on page 158 moved.

)
No file music.nls.
[158] [159

] [160

]
runsystem(makeindex music.idx)...executed.

 (./music.ind)

Package bibentry Warning: You have used \nobibliography* 
(bibentry)                without a following \bibliography.
(bibentry)                You may not be able to run BibTeX.

(./music.aux)
 ***********
LaTeX2e <2023-11-01> patch level 1
L3 programming layer <2024-02-20>
 ***********


LaTeX Warning: There were multiply-defined labels.

Package rerunfilecheck Info: File `music.out' has not changed.
(rerunfilecheck)             Checksum: 6337976FC1719FC91C7AF123E0AB68A5;17815.
 )
(\end occurred inside a group at level 2)

### simple group (level 2) entered at line 8 ({)
### simple group (level 1) entered at line 93 ({)
### bottom level 
Here is how much of TeX's memory you used:
 30261 strings out of 474116
 585240 string characters out of 5743683
 1950187 words of memory out of 5000000
 51519 multiletter control sequences out of 15000+600000
 624826 words of font info for 118 fonts, out of 8000000 for 9000
 1141 hyphenation exceptions out of 8191
 110i,12n,107p,457b,3925s stack positions out of 10000i,1000n,20000p,200000b,200000s
</usr/local/texlive/2024/texmf-dist/fonts/type1/public/amsfonts
/cm/cmmi10.pfb></usr/local/texlive/2024/texmf-dist/fonts/type1/public/fpl/fplrc
8a.pfb></usr/local/texlive/2024/texmf-dist/fonts/type1/public/fpl/fplrij8a.pfb>
</usr/local/texlive/2024/texmf-dist/fonts/type1/urw/helvetic/uhvr8a.pfb></usr/l
ocal/texlive/2024/texmf-dist/fonts/type1/urw/palatino/uplb8a.pfb></usr/local/te
xlive/2024/texmf-dist/fonts/type1/urw/palatino/uplr8a.pfb></usr/local/texlive/2
024/texmf-dist/fonts/type1/urw/palatino/uplri8a.pfb>
Output written on music.pdf (160 pages, 300802 bytes).
PDF statistics:
 1732 PDF objects out of 2073 (max. 8388607)
 1393 compressed objects within 14 object streams
 313 named destinations out of 1000 (max. 500000)
 3765 words of extra memory for PDF output out of 10000 (max. 10000000)

