\BOOKMARK [0][-]{chapter*.5}{\376\377\000A\000d\000a\000m\000s\000,\000\040\000J\000o\000h\000n}{}% 1
\BOOKMARK [1][-]{section*.6}{\376\377\000O\000p\000e\000r\000a\000s\000\040\000a\000n\000d\000\040\000s\000t\000a\000g\000e\000\040\000w\000o\000r\000k\000s}{chapter*.5}% 2
\BOOKMARK [1][-]{section*.7}{\376\377\000O\000r\000c\000h\000e\000s\000t\000r\000a\000l\000\040\000w\000o\000r\000k\000s}{chapter*.5}% 3
\BOOKMARK [1][-]{section*.8}{\376\377\000C\000o\000n\000c\000e\000r\000t\000a\000n\000t\000e}{chapter*.5}% 4
\BOOKMARK [1][-]{section*.9}{\376\377\000V\000o\000c\000a\000l\000\040\000a\000n\000d\000\040\000c\000h\000o\000r\000a\000l\000\040\000w\000o\000r\000k\000s}{chapter*.5}% 5
\BOOKMARK [1][-]{section*.10}{\376\377\000C\000h\000a\000m\000b\000e\000r\000\040\000m\000u\000s\000i\000c}{chapter*.5}% 6
\BOOKMARK [1][-]{section*.11}{\376\377\000O\000t\000h\000e\000r\000\040\000e\000n\000s\000e\000m\000b\000l\000e\000\040\000w\000o\000r\000k\000s}{chapter*.5}% 7
\BOOKMARK [1][-]{section*.12}{\376\377\000T\000a\000p\000e\000\040\000a\000n\000d\000\040\000e\000l\000e\000c\000t\000r\000o\000n\000i\000c\000\040\000c\000o\000m\000p\000o\000s\000i\000t\000i\000o\000n\000s}{chapter*.5}% 8
\BOOKMARK [1][-]{section*.13}{\376\377\000P\000i\000a\000n\000o}{chapter*.5}% 9
\BOOKMARK [1][-]{section*.14}{\376\377\000F\000i\000l\000m\000\040\000s\000c\000o\000r\000e\000s}{chapter*.5}% 10
\BOOKMARK [0][-]{chapter*.15}{\376\377\000B\000a\000r\000b\000e\000r\000,\000\040\000S\000a\000m\000u\000e\000l}{}% 11
\BOOKMARK [1][-]{section*.16}{\376\377\000O\000p\000e\000r\000a}{chapter*.15}% 12
\BOOKMARK [1][-]{section*.17}{\376\377\000B\000a\000l\000l\000e\000t}{chapter*.15}% 13
\BOOKMARK [1][-]{section*.18}{\376\377\000O\000r\000c\000h\000e\000s\000t\000r\000a\000l}{chapter*.15}% 14
\BOOKMARK [1][-]{section*.19}{\376\377\000C\000o\000n\000c\000e\000r\000t\000\040\000B\000a\000n\000d}{chapter*.15}% 15
\BOOKMARK [1][-]{section*.20}{\376\377\000C\000o\000n\000c\000e\000r\000t\000a\000n\000t\000e}{chapter*.15}% 16
\BOOKMARK [1][-]{section*.21}{\376\377\000C\000h\000a\000m\000b\000e\000r}{chapter*.15}% 17
\BOOKMARK [1][-]{section*.22}{\376\377\000C\000a\000r\000i\000l\000l\000o\000n}{chapter*.15}% 18
\BOOKMARK [1][-]{section*.23}{\376\377\000P\000i\000a\000n\000o}{chapter*.15}% 19
\BOOKMARK [1][-]{section*.24}{\376\377\000C\000h\000o\000r\000a\000l}{chapter*.15}% 20
\BOOKMARK [1][-]{section*.25}{\376\377\000V\000o\000c\000a\000l\000\040\000\050\000s\000e\000l\000e\000c\000t\000i\000o\000n\000\051}{chapter*.15}% 21
\BOOKMARK [0][-]{chapter*.26}{\376\377\000B\000a\000r\000t\000o\000k\000,\000\040\000B\000e\000l\000a}{}% 22
\BOOKMARK [1][-]{section*.27}{\376\377\000S\000t\000a\000g\000e}{chapter*.26}% 23
\BOOKMARK [1][-]{section*.28}{\376\377\000O\000r\000c\000h\000e\000s\000t\000r\000a\000l}{chapter*.26}% 24
\BOOKMARK [1][-]{section*.29}{\376\377\000V\000o\000c\000a\000l\000-\000O\000r\000c\000h\000e\000s\000t\000r\000a\000l\000\040\000\050\000s\000e\000l\000e\000c\000t\000i\000o\000n\000\051}{chapter*.26}% 25
\BOOKMARK [1][-]{section*.30}{\376\377\000C\000h\000a\000m\000b\000e\000r\000\040\000\050\000s\000e\000l\000e\000c\000t\000i\000o\000n\000\051}{chapter*.26}% 26
\BOOKMARK [0][-]{chapter*.31}{\376\377\000B\000e\000e\000t\000h\000o\000v\000e\000n\000,\000\040\000L\000u\000d\000w\000i\000g\000\040\000v\000a\000n}{}% 27
\BOOKMARK [1][-]{section*.32}{\376\377\000C\000h\000a\000m\000b\000e\000r}{chapter*.31}% 28
\BOOKMARK [0][-]{chapter*.33}{\376\377\000B\000e\000r\000g\000,\000\040\000A\000l\000b\000a\000n}{}% 29
\BOOKMARK [1][-]{section*.34}{\376\377\000O\000r\000c\000h\000e\000s\000t\000r\000a\000l}{chapter*.33}% 30
\BOOKMARK [0][-]{chapter*.35}{\376\377\000B\000e\000r\000l\000i\000o\000z\000,\000\040\000H\000e\000c\000t\000o\000r}{}% 31
\BOOKMARK [1][-]{section*.36}{\376\377\000O\000r\000c\000h\000e\000s\000t\000r\000a\000l}{chapter*.35}% 32
\BOOKMARK [0][-]{chapter*.37}{\376\377\000B\000l\000a\000c\000h\000e\000r\000,\000\040\000B\000o\000r\000i\000s}{}% 33
\BOOKMARK [0][-]{chapter*.38}{\376\377\000B\000l\000i\000s\000s\000,\000\040\000A\000r\000t\000h\000u\000r}{}% 34
\BOOKMARK [1][-]{section*.39}{\376\377\000B\000a\000l\000l\000e\000t}{chapter*.38}% 35
\BOOKMARK [1][-]{section*.40}{\376\377\000O\000r\000c\000h\000e\000s\000t\000r\000a\000l}{chapter*.38}% 36
\BOOKMARK [1][-]{section*.41}{\376\377\000C\000h\000a\000m\000b\000e\000r}{chapter*.38}% 37
\BOOKMARK [0][-]{chapter*.42}{\376\377\000B\000l\000o\000c\000h\000,\000\040\000E\000r\000n\000e\000s\000t}{}% 38
\BOOKMARK [1][-]{section*.43}{\376\377\000O\000r\000c\000h\000e\000s\000t\000r\000a\000l}{chapter*.42}% 39
\BOOKMARK [0][-]{chapter*.44}{\376\377\000B\000r\000a\000h\000m\000s\000,\000\040\000J\000o\000h\000a\000n\000n\000e\000s}{}% 40
\BOOKMARK [1][-]{section*.45}{\376\377\000O\000r\000c\000h\000e\000s\000t\000r\000a\000l}{chapter*.44}% 41
\BOOKMARK [1][-]{section*.46}{\376\377\000C\000h\000a\000m\000b\000e\000r}{chapter*.44}% 42
\BOOKMARK [1][-]{section*.47}{\376\377\000P\000i\000a\000n\000o}{chapter*.44}% 43
\BOOKMARK [0][-]{chapter*.48}{\376\377\000B\000r\000i\000t\000t\000e\000n\000,\000\040\000B\000e\000n\000j\000a\000m\000i\000n}{}% 44
\BOOKMARK [1][-]{section*.49}{\376\377\000O\000r\000c\000h\000e\000s\000t\000r\000a\000l}{chapter*.48}% 45
\BOOKMARK [1][-]{section*.50}{\376\377\000C\000o\000n\000c\000e\000r\000t\000a\000n\000t\000e}{chapter*.48}% 46
\BOOKMARK [1][-]{section*.51}{\376\377\000V\000o\000c\000a\000l\000/\000c\000h\000o\000r\000a\000l\000\040\000O\000r\000c\000h\000e\000s\000t\000r\000a\000l}{chapter*.48}% 47
\BOOKMARK [0][-]{chapter*.52}{\376\377\000B\000r\000u\000c\000h\000,\000\040\000E\000r\000n\000e\000s\000t}{}% 48
\BOOKMARK [1][-]{section*.53}{\376\377\000O\000r\000c\000h\000e\000s\000t\000r\000a\000l}{chapter*.52}% 49
\BOOKMARK [0][-]{chapter*.54}{\376\377\000B\000r\000u\000c\000k\000n\000e\000r\000,\000\040\000A\000n\000t\000o\000n}{}% 50
\BOOKMARK [1][-]{section*.55}{\376\377\000O\000r\000c\000h\000e\000s\000t\000r\000a\000l}{chapter*.54}% 51
\BOOKMARK [0][-]{chapter*.56}{\376\377\000B\000u\000s\000o\000n\000i\000,\000\040\000F\000e\000r\000r\000u\000c\000c\000i\000o}{}% 52
\BOOKMARK [1][-]{section*.57}{\376\377\000O\000r\000c\000h\000e\000s\000t\000r\000a\000l}{chapter*.56}% 53
\BOOKMARK [1][-]{section*.58}{\376\377\000C\000h\000a\000m\000b\000e\000r}{chapter*.56}% 54
\BOOKMARK [1][-]{section*.59}{\376\377\000P\000i\000a\000n\000o}{chapter*.56}% 55
\BOOKMARK [0][-]{chapter*.60}{\376\377\000D\000e\000b\000u\000s\000s\000y\000,\000\040\000C\000l\000a\000u\000d\000e}{}% 56
\BOOKMARK [1][-]{section*.61}{\376\377\000V\000o\000c\000a\000l}{chapter*.60}% 57
\BOOKMARK [0][-]{chapter*.62}{\376\377\000D\000o\000h\000n\000\341\000n\000y\000i\000,\000\040\000E\000r\000n\000s\000t\000\040\000v\000o\000n}{}% 58
\BOOKMARK [1][-]{section*.63}{\376\377\000S\000t\000a\000g\000e}{chapter*.62}% 59
\BOOKMARK [1][-]{section*.64}{\376\377\000C\000h\000o\000r\000a\000l}{chapter*.62}% 60
\BOOKMARK [1][-]{section*.65}{\376\377\000O\000r\000c\000h\000e\000s\000t\000r\000a\000l}{chapter*.62}% 61
\BOOKMARK [1][-]{section*.66}{\376\377\000S\000o\000l\000o\000\040\000i\000n\000s\000t\000r\000u\000m\000e\000n\000t\000\040\000a\000n\000d\000\040\000o\000r\000c\000h\000e\000s\000t\000r\000a}{chapter*.62}% 62
\BOOKMARK [1][-]{section*.67}{\376\377\000C\000h\000a\000m\000b\000e\000r\000\040\000a\000n\000d\000\040\000i\000n\000s\000t\000r\000u\000m\000e\000n\000t\000a\000l}{chapter*.62}% 63
\BOOKMARK [1][-]{section*.68}{\376\377\000P\000i\000a\000n\000o}{chapter*.62}% 64
\BOOKMARK [0][-]{chapter*.69}{\376\377\000E\000n\000e\000s\000c\000u\000,\000\040\000G\000e\000o\000r\000g\000e\000s}{}% 65
\BOOKMARK [1][-]{section*.70}{\376\377\000O\000r\000c\000h\000e\000s\000t\000r\000a\000l}{chapter*.69}% 66
\BOOKMARK [0][-]{chapter*.71}{\376\377\000F\000a\000u\000r\000\351\000,\000\040\000G\000a\000b\000r\000i\000e\000l}{}% 67
\BOOKMARK [0][-]{chapter*.72}{\376\377\000F\000e\000r\000g\000u\000s\000o\000n\000,\000\040\000H\000o\000w\000a\000r\000d}{}% 68
\BOOKMARK [1][-]{section*.73}{\376\377\000C\000h\000a\000m\000b\000e\000r}{chapter*.72}% 69
\BOOKMARK [0][-]{chapter*.74}{\376\377\000G\000\363\000r\000e\000c\000k\000i\000,\000\040\000H\000e\000n\000r\000y\000k}{}% 70
\BOOKMARK [1][-]{section*.75}{\376\377\000O\000r\000c\000h\000e\000s\000t\000r\000a\000l}{chapter*.74}% 71
\BOOKMARK [0][-]{chapter*.76}{\376\377\000H\000i\000n\000d\000e\000m\000i\000t\000h\000,\000\040\000P\000a\000u\000l}{}% 72
\BOOKMARK [1][-]{section*.77}{\376\377\000O\000p\000e\000r\000a}{chapter*.76}% 73
\BOOKMARK [1][-]{section*.78}{\376\377\000O\000r\000a\000t\000o\000r\000i\000u\000m}{chapter*.76}% 74
\BOOKMARK [1][-]{section*.79}{\376\377\000B\000a\000l\000l\000e\000t}{chapter*.76}% 75
\BOOKMARK [1][-]{section*.80}{\376\377\000O\000r\000c\000h\000e\000s\000t\000r\000a\000l}{chapter*.76}% 76
\BOOKMARK [1][-]{section*.81}{\376\377\000C\000o\000n\000c\000e\000r\000t\000a\000n\000t\000e}{chapter*.76}% 77
\BOOKMARK [1][-]{section*.82}{\376\377\000V\000o\000c\000a\000l\000\040\040\023\000\040\000s\000e\000l\000e\000c\000t\000i\000o\000n}{chapter*.76}% 78
\BOOKMARK [1][-]{section*.83}{\376\377\000C\000h\000a\000m\000b\000e\000r}{chapter*.76}% 79
\BOOKMARK [1][-]{section*.84}{\376\377\000I\000n\000s\000t\000r\000u\000m\000e\000n\000t\000a\000l}{chapter*.76}% 80
\BOOKMARK [1][-]{section*.85}{\376\377\000P\000i\000a\000n\000o}{chapter*.76}% 81
\BOOKMARK [1][-]{section*.86}{\376\377\000O\000r\000g\000a\000n}{chapter*.76}% 82
\BOOKMARK [0][-]{chapter*.87}{\376\377\000H\000o\000l\000l\000o\000w\000a\000y\000,\000\040\000R\000o\000b\000i\000n}{}% 83
\BOOKMARK [0][-]{chapter*.88}{\376\377\000K\000a\000l\000a\000b\000i\000s\000,\000\040\000V\000i\000k\000t\000o\000r}{}% 84
\BOOKMARK [1][-]{section*.89}{\376\377\000I\000n\000s\000t\000r\000u\000m\000e\000n\000t\000a\000l\000\040\000c\000o\000n\000c\000e\000r\000t\000o\000s}{chapter*.88}% 85
\BOOKMARK [0][-]{chapter*.90}{\376\377\000K\000r\000\341\000s\000a\000,\000\040\000H\000a\000n\000s}{}% 86
\BOOKMARK [1][-]{section*.91}{\376\377\000W\000o\000r\000k\000s}{chapter*.90}% 87
\BOOKMARK [0][-]{chapter*.92}{\376\377\000M\000a\000r\000t\000i\000n\001\157\000,\000\040\000B\000o\000h\000u\000s\000l\000a\000v}{}% 88
\BOOKMARK [1][-]{section*.93}{\376\377\000B\000a\000l\000l\000e\000t\000s}{chapter*.92}% 89
\BOOKMARK [1][-]{section*.94}{\376\377\000O\000r\000c\000h\000e\000s\000t\000r\000a\000l}{chapter*.92}% 90
\BOOKMARK [0][-]{chapter*.95}{\376\377\000M\000o\000n\000t\000e\000v\000e\000r\000d\000i\000,\000\040\000C\000l\000a\000u\000d\000i\000o}{}% 91
\BOOKMARK [0][-]{chapter*.96}{\376\377\000M\000o\000z\000a\000r\000t\000,\000\040\000W\000o\000l\000f\000g\000a\000n\000g\000\040\000A\000m\000a\000d\000e\000u\000s}{}% 92
\BOOKMARK [1][-]{section*.97}{\376\377\000S\000a\000c\000r\000e\000d\000\040\000c\000h\000o\000r\000a\000l\000\040\000m\000u\000s\000i\000c}{chapter*.96}% 93
\BOOKMARK [1][-]{section*.98}{\376\377\000T\000h\000e\000a\000t\000r\000e\000\040\000m\000u\000s\000i\000c}{chapter*.96}% 94
\BOOKMARK [1][-]{section*.99}{\376\377\000O\000r\000c\000h\000e\000s\000t\000r\000a\000l\000\040\000w\000o\000r\000k\000s}{chapter*.96}% 95
\BOOKMARK [1][-]{section*.100}{\376\377\000P\000i\000a\000n\000o\000\040\000m\000u\000s\000i\000c}{chapter*.96}% 96
\BOOKMARK [1][-]{section*.101}{\376\377\000S\000e\000r\000e\000n\000a\000d\000e\000s\000,\000\040\000d\000i\000v\000e\000r\000t\000i\000m\000e\000n\000t\000i\000,\000\040\000a\000n\000d\000\040\000o\000t\000h\000e\000r\000\040\000i\000n\000s\000t\000r\000u\000m\000e\000n\000t\000a\000l\000\040\000w\000o\000r\000k\000s}{chapter*.96}% 97
\BOOKMARK [0][-]{chapter*.102}{\376\377\000P\000\344\000r\000t\000,\000\040\000A\000r\000v\000o}{}% 98
\BOOKMARK [1][-]{section*.103}{\376\377\000W\000o\000r\000k\000s\000\040\000f\000o\000r\000\040\000S\000o\000l\000o\000\040\000I\000n\000s\000t\000r\000u\000m\000e\000n\000t\000s\000\040\000a\000n\000d\000\040\000O\000r\000c\000h\000e\000s\000t\000r\000a}{chapter*.102}% 99
\BOOKMARK [0][-]{chapter*.104}{\376\377\000P\000o\000u\000l\000e\000n\000c\000,\000\040\000F\000r\000a\000n\000c\000i\000s}{}% 100
\BOOKMARK [0][-]{chapter*.105}{\376\377\000P\000r\000o\000k\000o\000f\000i\000e\000v\000,\000\040\000S\000e\000r\000g\000e\000j}{}% 101
\BOOKMARK [0][-]{chapter*.106}{\376\377\000R\000a\000c\000h\000m\000a\000n\000i\000n\000o\000v\000,\000\040\000S\000e\000r\000g\000e\000i}{}% 102
\BOOKMARK [1][-]{section*.107}{\376\377\000O\000r\000c\000h\000e\000s\000t\000r\000a\000l}{chapter*.106}% 103
\BOOKMARK [1][-]{section*.108}{\376\377\000C\000h\000o\000r\000a\000l}{chapter*.106}% 104
\BOOKMARK [0][-]{chapter*.109}{\376\377\000R\000e\000g\000e\000r\000,\000\040\000M\000a\000x}{}% 105
\BOOKMARK [1][-]{section*.110}{\376\377\000O\000r\000c\000h\000e\000s\000t\000r\000a\000l}{chapter*.109}% 106
\BOOKMARK [1][-]{section*.111}{\376\377\000C\000h\000a\000m\000b\000e\000r}{chapter*.109}% 107
\BOOKMARK [1][-]{section*.112}{\376\377\000P\000i\000a\000n\000o}{chapter*.109}% 108
\BOOKMARK [0][-]{chapter*.113}{\376\377\000R\000o\000u\000s\000s\000e\000l\000,\000\040\000A\000l\000b\000e\000r\000t}{}% 109
\BOOKMARK [0][-]{chapter*.114}{\376\377\000S\000a\000i\000n\000t\000-\000S\000a\000\353\000n\000s\000,\000\040\000C\000a\000m\000i\000l\000l\000e}{}% 110
\BOOKMARK [1][-]{section*.115}{\376\377\000O\000r\000c\000h\000e\000s\000t\000r\000a\000l}{chapter*.114}% 111
\BOOKMARK [1][-]{section*.116}{\376\377\000C\000h\000a\000m\000b\000e\000r}{chapter*.114}% 112
\BOOKMARK [1][-]{section*.117}{\376\377\000F\000i\000l\000m}{chapter*.114}% 113
\BOOKMARK [0][-]{chapter*.118}{\376\377\000S\000c\000h\000o\000e\000n\000b\000e\000r\000g\000,\000\040\000A\000r\000n\000o\000l\000d}{}% 114
\BOOKMARK [0][-]{chapter*.119}{\376\377\000S\000c\000h\000m\000i\000d\000t\000,\000\040\000F\000r\000a\000n\000z}{}% 115
\BOOKMARK [1][-]{section*.120}{\376\377\000O\000r\000c\000h\000e\000s\000t\000r\000a\000l}{chapter*.119}% 116
\BOOKMARK [0][-]{chapter*.121}{\376\377\000S\000c\000h\000m\000i\000t\000t\000,\000\040\000F\000l\000o\000r\000e\000n\000t}{}% 117
\BOOKMARK [1][-]{section*.122}{\376\377\000O\000r\000c\000h\000e\000s\000t\000r\000a\000l}{chapter*.121}% 118
\BOOKMARK [1][-]{section*.123}{\376\377\000S\000t\000a\000g\000e}{chapter*.121}% 119
\BOOKMARK [0][-]{chapter*.124}{\376\377\000S\000c\000h\000r\000e\000k\000e\000r\000,\000\040\000F\000r\000a\000n\000z}{}% 120
\BOOKMARK [1][-]{section*.125}{\376\377\000O\000r\000c\000h\000e\000s\000t\000r\000a\000l}{chapter*.124}% 121
\BOOKMARK [0][-]{chapter*.126}{\376\377\000S\000c\000h\000u\000b\000e\000r\000t\000,\000\040\000F\000r\000a\000n\000z}{}% 122
\BOOKMARK [1][-]{section*.127}{\376\377\000O\000r\000c\000h\000e\000s\000t\000r\000a\000l}{chapter*.126}% 123
\BOOKMARK [0][-]{chapter*.128}{\376\377\000S\000c\000h\000u\000m\000a\000n\000n\000,\000\040\000R\000o\000b\000e\000r\000t}{}% 124
\BOOKMARK [1][-]{section*.129}{\376\377\000O\000r\000c\000h\000e\000s\000t\000r\000a\000l}{chapter*.128}% 125
\BOOKMARK [0][-]{chapter*.130}{\376\377\000S\000h\000o\000s\000t\000a\000k\000o\000v\000i\000c\000h\000,\000\040\000D\000m\000i\000t\000r\000i}{}% 126
\BOOKMARK [1][-]{section*.131}{\376\377\000O\000r\000c\000h\000e\000s\000t\000r\000a\000l}{chapter*.130}% 127
\BOOKMARK [0][-]{chapter*.132}{\376\377\000S\000i\000b\000e\000l\000i\000u\000s\000,\000\040\000J\000e\000a\000n}{}% 128
\BOOKMARK [1][-]{section*.133}{\376\377\000O\000r\000c\000h\000e\000s\000t\000r\000a\000l}{chapter*.132}% 129
\BOOKMARK [0][-]{chapter*.134}{\376\377\000S\000m\000e\000t\000a\000n\000a\000,\000\040\000B\000e\000d\000r\000i\000c\000h}{}% 130
\BOOKMARK [1][-]{section*.135}{\376\377\000O\000r\000c\000h\000e\000s\000t\000r\000a\000l}{chapter*.134}% 131
\BOOKMARK [0][-]{chapter*.136}{\376\377\000S\000t\000r\000a\000v\000i\000n\000s\000k\000y\000,\000\040\000I\000g\000o\000r}{}% 132
\BOOKMARK [1][-]{section*.137}{\376\377\000O\000p\000e\000r\000a\000/\000T\000h\000e\000a\000t\000r\000e}{chapter*.136}% 133
\BOOKMARK [1][-]{section*.138}{\376\377\000B\000a\000l\000l\000e\000t}{chapter*.136}% 134
\BOOKMARK [1][-]{section*.139}{\376\377\000O\000r\000c\000h\000e\000s\000t\000r\000a\000l}{chapter*.136}% 135
\BOOKMARK [1][-]{section*.140}{\376\377\000C\000o\000n\000c\000e\000r\000t\000a\000n\000t\000e}{chapter*.136}% 136
\BOOKMARK [1][-]{section*.141}{\376\377\000C\000h\000a\000m\000b\000e\000r}{chapter*.136}% 137
\BOOKMARK [1][-]{section*.142}{\376\377\000C\000h\000o\000r\000a\000l}{chapter*.136}% 138
\BOOKMARK [0][-]{chapter*.143}{\376\377\000V\000a\000u\000g\000h\000a\000n\000\040\000W\000i\000l\000l\000i\000a\000m\000s\000,\000\040\000R\000a\000l\000p\000h}{}% 139
\BOOKMARK [1][-]{section*.144}{\376\377\000I\000n\000c\000i\000d\000e\000n\000t\000a\000l}{chapter*.143}% 140
\BOOKMARK [1][-]{section*.145}{\376\377\000B\000a\000l\000l\000e\000t}{chapter*.143}% 141
\BOOKMARK [1][-]{section*.146}{\376\377\000O\000r\000c\000h\000e\000s\000t\000r\000a\000l}{chapter*.143}% 142
\BOOKMARK [0][-]{chapter*.147}{\376\377\000W\000e\000i\000l\000l\000,\000\040\000K\000u\000r\000t}{}% 143
\BOOKMARK [1][-]{section*.148}{\376\377\000S\000t\000a\000g\000e}{chapter*.147}% 144
\BOOKMARK [1][-]{section*.149}{\376\377\000O\000r\000c\000h\000e\000s\000t\000r\000a\000l}{chapter*.147}% 145
\BOOKMARK [0][-]{chapter*.150}{\376\377\000Z\000e\000m\000l\000i\000n\000s\000k\000y\000,\000\040\000A\000l\000e\000x\000a\000n\000d\000e\000r\000\040\000v\000o\000n}{}% 146
\BOOKMARK [1][-]{section*.151}{\376\377\000V\000o\000i\000c\000e\000\040\000a\000n\000d\000\040\000O\000r\000c\000h\000e\000s\000t\000r\000a}{chapter*.150}% 147
\BOOKMARK [1][-]{section*.152}{\376\377\000C\000h\000o\000r\000a\000l\000\040\000W\000o\000r\000k\000s}{chapter*.150}% 148
\BOOKMARK [0][-]{section*.152}{\376\377\000N\000o\000m\000e\000n\000c\000l\000a\000t\000u\000r\000e}{}% 149
